<?xml version="1.0"?>
<component name="org.nuxeo.drive.change.finder.test">

  <require>org.nuxeo.drive.change.finder</require>

  <extension target="org.nuxeo.drive.service.impl.NuxeoDriveManagerImpl"
    point="changeFinder">
    <changeFinder class="org.nuxeo.drive.service.MockChangeFinder" />
  </extension>

</component>
