<?xml version="1.0"?>
<component name="org.nuxeo.ecm.platform.ui.web.auth.loginScreenConfig-merge-removeNews-displayMobileBanner2">

  <extension target="org.nuxeo.ecm.platform.ui.web.auth.service.PluggableAuthenticationService" point="loginScreen">
    <loginScreenConfig>
      <newsIframeUrl>aNewURLWhichShouldntCauseNewsActivationAsRemoveNewsIsTrueInPreviousContrib</newsIframeUrl>
    </loginScreenConfig>
  </extension>

</component>
