<?xml version="1.0"?>
<component name="org.nuxeo.ecm.platform.ui.web.auth.loginScreenConfig-merge">

  <extension
    target="org.nuxeo.ecm.platform.ui.web.auth.service.PluggableAuthenticationService"
    point="loginScreen">

    <loginScreenConfig>

      <headerStyle>#DDDDDD</headerStyle>
      <newsIframeUrl></newsIframeUrl>
      <disableBackgroundSizeCover>true</disableBackgroundSizeCover>
      <displayMobileBanner>false</displayMobileBanner>

      <loginProviders>
        <loginProvider name="google">
          <iconPath>nuxeo.war/img/google.png</iconPath>
          <link>News</link>
        </loginProvider>
        <loginProvider name="facebook" remove="true">
        </loginProvider>
      </loginProviders>

      <startupPages>
        <startupPage id="other" priority="8">
          <path>merged.html</path>
        </startupPage>
        <startupPage id="web" priority="100">
          <path>ui/</path>
        </startupPage>
      </startupPages>

      <defaultLocale>fr</defaultLocale>
      <supportedLocales append="true">
        <locale>de</locale>
      </supportedLocales>

    </loginScreenConfig>

  </extension>

</component>
