<?xml version="1.0"?>
<component name="org.nuxeo.ecm.platform.ui.web.auth.override">

  <extension
    target="org.nuxeo.ecm.platform.ui.web.auth.service.PluggableAuthenticationService"
    point="authenticators">

    <authenticationPlugin name="ANONYMOUS_AUTH" enabled="true"
      class="org.nuxeo.ecm.platform.ui.web.auth.DummyAuthenticator">
      <stateful>false</stateful>
      <needStartingURLSaving>true</needStartingURLSaving>
    </authenticationPlugin>

  </extension>

</component>
