<?xml version="1.0"?>
<component name="org.nuxeo.ecm.platform.ui.web.corscsrf.csrf.token.test">

  <extension target="org.nuxeo.runtime.ConfigurationService" point="configuration">
    <property name="nuxeo.csrf.token.enabled">true</property>
    <property name="nuxeo.csrf.token.skip" list="true">/mysaml/mylogin</property>
  </extension>

</component>
