<?xml version="1.0"?>
<component name="test-authchain-dummy-sso">

  <extension target="org.nuxeo.ecm.platform.ui.web.auth.service.PluggableAuthenticationService" point="chain">
    <authenticationChain>
      <plugins>
        <plugin>DUMMY_AUTH_SSO</plugin>
      </plugins>
    </authenticationChain>
  </extension>

  <extension target="org.nuxeo.ecm.platform.ui.web.auth.service.PluggableAuthenticationService" point="authenticators">
    <authenticationPlugin name="DUMMY_AUTH_SSO"
      class="org.nuxeo.ecm.platform.ui.web.auth.DummyAuthPluginSSO">
      <needStartingURLSaving>true</needStartingURLSaving>
    </authenticationPlugin>
  </extension>

  <extension target="org.nuxeo.ecm.platform.ui.web.auth.service.PluggableAuthenticationService" point="startURL">
    <startURLPattern>
      <patterns>
        <pattern>mystart/</pattern>
      </patterns>
    </startURLPattern>
  </extension>

</component>
