<?xml version="1.0"?>
<component name="org.nuxeo.ecm.platform.ui.web.auth.loginScreenConfig-merge-removeNews-displayMobileBanner">

  <extension target="org.nuxeo.ecm.platform.ui.web.auth.service.PluggableAuthenticationService" point="loginScreen">
    <loginScreenConfig>
      <removeNews>true</removeNews>
      <displayMobileBanner>false</displayMobileBanner>
    </loginScreenConfig>
  </extension>

</component>
