<?xml version="1.0"?>
<component name="org.nuxeo.ecm.platform.ui.web.corscsrf.cors.test">

  <extension target="org.nuxeo.ecm.platform.web.common.requestcontroller.service.RequestControllerService"
    point="corsConfig">
    <corsConfig name="dummy" allowOrigin="http://friendly.com" supportedMethods="GET,POST">
      <pattern>/.*</pattern>
    </corsConfig>
  </extension>

</component>
