<?xml version="1.0"?>
<component name="org.nuxeo.ecm.jwt.JWTService.test.config">

  <extension target="org.nuxeo.ecm.jwt.JWTService" point="configuration">
    <configuration>
      <defaultTTL>60</defaultTTL>
      <secret>abracadabra</secret>
    </configuration>
  </extension>

</component>
