<?xml version="1.0"?>

<component name="org.nuxeo.ecm.platform.ui.web.ContentViewService.testContrib">

  <extension target="org.nuxeo.ecm.platform.ui.web.ContentViewService" point="contentViews">

    <contentView name="CURRENT_DOCUMENT_CHILDREN">
      <title>current document children</title>
      <iconPath>/icons/document_listing_icon.png</iconPath>

      <coreQueryPageProvider>
        <property name="coreSession">#{documentManager}</property>
        <property name="checkQueryCache">true</property>
        <pattern>
          SELECT * FROM Document WHERE ecm:parentId = ? AND
          ecm:isVersion = ? AND ecm:mixinType != 'HiddenInNavigation'
          AND ecm:parentId != ? AND ecm:currentLifeCycleState NOT IN ?
        </pattern>
        <sort column="dc:title" ascending="true" />
        <pageSize>2</pageSize>
        <maxPageSize>0</maxPageSize>
        <pageSizeOptions>
          <option>10</option>
          <option>15</option>
          <option>20</option>
        </pageSizeOptions>
        <parameter>#{currentDocument.id}</parameter>
        <parameter>#{booleanParam}</parameter>
        <parameter>#{dummy.param}</parameter>
        <parameter>#{listParam}</parameter>
      </coreQueryPageProvider>

      <cacheKey>#{currentDocument.id}</cacheKey>

      <selectionList>CURRENT_SELECTION</selectionList>
      <pagination>simple</pagination>
      <actions category="CURRENT_SELECTION_LIST" />
      <resultLayouts>
        <layout name="document_listing" title="label.document_listing.layout"
          translateTitle="true" iconPath="/icons/myicon.png" showCSVExport="true" />
      </resultLayouts>
      <searchLayout name="search_layout" filterDisplayType="quick" />
      <refresh>
        <event>documentChildrenChanged</event>
      </refresh>

      <showFilterForm>true</showFilterForm>
      <showRefreshCommand>false</showRefreshCommand>

      <flags>
        <flag>foo</flag>
        <flag>bar</flag>
      </flags>

    </contentView>

    <contentView name="CURRENT_DOCUMENT_CHILDREN_WITH_SEARCH_DOCUMENT">
      <searchDocument>#{searchDocument}</searchDocument>
      <coreQueryPageProvider>
        <property name="coreSession">#{documentManager}</property>
        <property name="checkQueryCache">true</property>
        <whereClause docType="File">
          <fixedPart statement="SELECT * FROM Folder">
            ecm:parentId = ? AND
            ecm:isVersion = 0 AND
            ecm:mixinType !=
            'HiddenInNavigation'
            AND ecm:isTrashed = 0
          </fixedPart>
          <predicate parameter="dc:title" operator="FULLTEXT">
            <field schema="dublincore" name="title" />
          </predicate>
        </whereClause>
        <sort column="dc:title" ascending="true" />
        <pageSize>2</pageSize>
      </coreQueryPageProvider>
    </contentView>

    <contentView name="CURRENT_DOCUMENT_CHILDREN_WITH_SIMPLE_DOC_MODEL">
      <coreQueryPageProvider>
        <trackUsage>true</trackUsage>
        <property name="coreSession">#{documentManager}</property>
        <pattern>
          SELECT * FROM Folder WHERE ecm:parentId = ? AND
          ecm:isVersion = 0 AND ecm:mixinType != 'HiddenInNavigation'
          AND ecm:isTrashed = 0
        </pattern>
        <sort column="dc:title" ascending="true" />
        <pageSize>2</pageSize>
      </coreQueryPageProvider>
    </contentView>

    <contentView name="CURRENT_DOCUMENT_CHILDREN_FETCH">
      <genericPageProvider
        class="org.nuxeo.ecm.platform.query.nxql.CoreQueryAndFetchPageProvider">
        <property name="coreSession">#{documentManager}</property>
        <pattern>
          SELECT dc:title FROM Document WHERE ecm:parentId = ? AND
          ecm:isVersion = 0 AND ecm:mixinType != 'HiddenInNavigation'
          AND ecm:isTrashed = 0
        </pattern>
        <sort column="dc:title" ascending="true" />
        <pageSize>2</pageSize>
      </genericPageProvider>

      <flags>
        <flag>foo</flag>
      </flags>

    </contentView>

    <!-- content views referencing a named page provider -->

    <contentView name="CURRENT_DOCUMENT_CHILDREN_REF">
      <title>current document children</title>
      <iconPath>/icons/document_listing_icon.png</iconPath>

      <pageProvider name="CURRENT_DOCUMENT_CHILDREN_PP">
        <property name="coreSession">#{documentManager}</property>
        <property name="checkQueryCache">true</property>
        <parameter>#{currentDocument.id}</parameter>
        <parameter>#{booleanParam}</parameter>
        <parameter>#{dummy.param}</parameter>
        <parameter>#{listParam}</parameter>
      </pageProvider>

      <cacheKey>#{currentDocument.id}</cacheKey>

      <selectionList>CURRENT_SELECTION</selectionList>
      <pagination>simple</pagination>
      <actions category="CURRENT_SELECTION_LIST" />
      <resultLayouts>
        <layout name="document_listing" title="label.document_listing.layout"
          translateTitle="true" iconPath="/icons/myicon.png" />
      </resultLayouts>
      <searchLayout name="search_layout" />
      <refresh>
        <event>documentChildrenChanged</event>
      </refresh>
    </contentView>

    <contentView name="CURRENT_DOCUMENT_CHILDREN_WITH_SEARCH_DOCUMENT_REF">
      <searchDocument>#{searchDocument}</searchDocument>
      <pageProvider name="CURRENT_DOCUMENT_CHILDREN_WITH_SEARCH_DOCUMENT_PP">
        <property name="coreSession">#{documentManager}</property>
        <property name="checkQueryCache">true</property>
      </pageProvider>
    </contentView>

    <contentView name="CURRENT_DOCUMENT_CHILDREN_FETCH_REF">
      <pageProvider name="CURRENT_DOCUMENT_CHILDREN_FETCH_PP">
        <property name="coreSession">#{documentManager}</property>
        <property name="checkQueryCache">true</property>
      </pageProvider>
    </contentView>

    <contentView name="QUERY_WITH_SUBCLAUSE">
      <searchDocument>#{searchDocument}</searchDocument>
      <coreQueryPageProvider>
        <property name="coreSession">#{documentManager}</property>
        <property name="checkQueryCache">true</property>
        <whereClause docType="File">
          <fixedPart>
            ecm:parentId = ? AND ecm:isVersion = 0 AND
            ecm:mixinType !=
            'HiddenInNavigation' AND ecm:isTrashed = 0
          </fixedPart>
          <predicate parameter="dc:title" operator="FULLTEXT">
            <field schema="dublincore" name="title" />
          </predicate>
          <predicate type="subClause">
            <field schema="dublincore" name="description" />
          </predicate>
        </whereClause>
        <sort column="dc:title" ascending="true" />
        <pageSize>2</pageSize>
      </coreQueryPageProvider>
    </contentView>

    <contentView name="QUERY_WITH_QUICK_FILTER">
      <coreQueryPageProvider>
        <property name="coreSession">#{documentManager}</property>
        <pattern>
          SELECT * FROM Document WHERE ecm:parentId = ?
        </pattern>
        <quickFilters>
          <quickFilter name="testQuickFilter">
            <clause>dc:source = 'http://foo.bar'</clause>
            <sort column="dc:title" ascending="true" />
          </quickFilter>
          <quickFilter name="testQuickFilter2">
            <clause>dc:source = 'http://foo.baz'</clause>
            <sort column="dc:title" ascending="true" />
          </quickFilter>
        </quickFilters>
        <parameter>#{currentDocument.id}</parameter>
        <pageSize>2</pageSize>
      </coreQueryPageProvider>
    </contentView>

    <contentView name="QUERY_WITH_QUICK_FILTER_OVERRIDE_SORT">
      <searchDocument>#{searchDocument}</searchDocument>
      <coreQueryPageProvider>
        <property name="coreSession">#{documentManager}</property>
        <pattern>
          SELECT * FROM Document WHERE ecm:parentId = ?
        </pattern>
        <sort column="dc:source" ascending="true" />
        <quickFilters>
          <quickFilter name="testQuickFilterOverride">
            <clause>dc:source = 'http://foo.baz'</clause>
            <sort column="dc:title" ascending="true" />
          </quickFilter>
        </quickFilters>
        <parameter>#{currentDocument.id}</parameter>
        <pageSize>2</pageSize>
      </coreQueryPageProvider>
    </contentView>

    <contentView name="OVERRIDE_PAGE_PROVIDER_WITH_GENERIC">
      <coreQueryPageProvider>
        <property name="coreSession">#{documentManager}</property>
        <pattern>
          SELECT * FROM Document WHERE ecm:parentId = ?
        </pattern>
        <sort column="dc:title" ascending="true" />
        <pageSize>2</pageSize>
        <maxPageSize>0</maxPageSize>
        <parameter>#{currentDocument.id}</parameter>
      </coreQueryPageProvider>
    </contentView>

    <contentView name="UNKNOWN_REF_PP">
      <pageProvider name="foo">
        <property name="coreSession">#{documentManager}</property>
      </pageProvider>
    </contentView>

    <contentView name="CURRENT_DOCUMENT_WITH_PATH_PARAM">
      <title>current document children with path param</title>
      <coreQueryPageProvider>
        <property name="coreSession">#{documentManager}</property>
        <property name="checkQueryCache">true</property>
        <pattern>
          SELECT * FROM Document WHERE ecm:path STARTSWITH ?
        </pattern>
        <parameter>#{currentDocument.path}</parameter>
      </coreQueryPageProvider>
    </contentView>

    <contentView name="MOCK_DAM_CV">
      <genericPageProvider name="MOCK_DAM_PP"
        class="org.nuxeo.ecm.platform.contentview.jsf.test.MockDAMPageProvider">
        <pageSize>2</pageSize>
      </genericPageProvider>
      <cacheKey>only_one_cache</cacheKey>
    </contentView>

    <contentView name="QUERY_RESTRICTED">
      <coreQueryPageProvider>
        <property name="coreSession">#{documentManager}</property>
        <pattern>
          SELECT * FROM Document
        </pattern>
      </coreQueryPageProvider>
    </contentView>

    <contentView name="QUERY_UNRESTRICTED">
      <coreQueryPageProvider>
        <property name="coreSession">#{documentManager}</property>
        <property name="useUnrestrictedSession">true</property>
        <pattern>
          SELECT * FROM Document
        </pattern>
      </coreQueryPageProvider>
    </contentView>

    <contentView name="QUERY_UNRESTRICTED_NO_DETACH">
      <coreQueryPageProvider>
        <property name="coreSession">#{documentManager}</property>
        <property name="useUnrestrictedSession">true</property>
        <property name="detachDocuments">false</property>
        <pattern>
          SELECT * FROM Document
        </pattern>
      </coreQueryPageProvider>
    </contentView>

    <contentView name="NAMED_PAGE_PROVIDER">
      <coreQueryPageProvider name="PP_NAME">
        <property name="coreSession">#{documentManager}</property>
        <pattern>
          SELECT * FROM Document
        </pattern>
        <sort column="dc:title" ascending="true" />
      </coreQueryPageProvider>
      <waitForExecution>true</waitForExecution>
    </contentView>

  </extension>

  <extension target="org.nuxeo.ecm.platform.query.api.PageProviderService"
    point="providers">

    <coreQueryPageProvider name="CURRENT_DOCUMENT_CHILDREN_PP">
      <pattern>
        SELECT * FROM Document WHERE ecm:parentId = ? AND
        ecm:isVersion = ? AND ecm:mixinType != 'HiddenInNavigation'
        AND ecm:parentId != ? AND ecm:currentLifeCycleState NOT IN ?
      </pattern>
      <sort column="dc:title" ascending="true" />
      <pageSize>2</pageSize>
    </coreQueryPageProvider>

    <coreQueryPageProvider name="CURRENT_DOCUMENT_CHILDREN_WITH_SEARCH_DOCUMENT_PP">
      <whereClause docType="File">
        <fixedPart statement="SELECT * FROM Folder">
          ecm:parentId = ? AND
          ecm:isVersion = 0 AND
          ecm:mixinType !=
          'HiddenInNavigation' AND
          ecm:isTrashed = 0
        </fixedPart>
        <predicate parameter="dc:title" operator="FULLTEXT">
          <field schema="dublincore" name="title" />
        </predicate>
      </whereClause>
      <sort column="dc:title" ascending="true" />
      <pageSize>2</pageSize>
    </coreQueryPageProvider>

    <genericPageProvider name="CURRENT_DOCUMENT_CHILDREN_FETCH_PP"
      class="org.nuxeo.ecm.platform.query.nxql.CoreQueryAndFetchPageProvider">
      <pattern>
        SELECT dc:title FROM Document WHERE ecm:parentId = ? AND
        ecm:isVersion = 0 AND ecm:mixinType != 'HiddenInNavigation' AND
        ecm:isTrashed = 0
      </pattern>
      <sort column="dc:title" ascending="true" />
      <pageSize>2</pageSize>
    </genericPageProvider>

    <coreQueryPageProvider name="CURRENT_DOCUMENT_MAX_PAGE_SIZE">
      <pattern>
        SELECT * FROM Document
      </pattern>
      <sort column="dc:title" ascending="true" />
      <pageSize>100</pageSize>
      <maxPageSize>2</maxPageSize>
    </coreQueryPageProvider>

  </extension>

</component>
