<?xml version="1.0"?>

<component
  name="org.nuxeo.ecm.platform.ui.web.ContentViewService.testOverrideContrib">

  <extension target="org.nuxeo.ecm.platform.ui.web.ContentViewService"
    point="contentViews">

    <contentView name="CURRENT_DOCUMENT_CHILDREN">
      <title>current document children overriden</title>
      <selectionList>CURRENT_SELECTION_2</selectionList>
      <emptySentence>label.my.empty.cv.sentence</emptySentence>
      <translateEmptySentence>true</translateEmptySentence>
      <showTitle>true</showTitle>
      <pagination>simple_2</pagination>
      <actions category="CURRENT_SELECTION_LIST_2" />
      <actions category="CURRENT_SELECTION_LIST_3" />
      <resultLayouts append="true">
        <layout name="document_listing_2" title="label.document_listing.layout_2"
          translateTitle="true" />
      </resultLayouts>
      <searchLayout name="search_layout_2" filterUnfolded="true" />
      <useGlobalPageSize>true</useGlobalPageSize>
      <flags>
        <flag>foo2</flag>
      </flags>
    </contentView>

    <!-- NXP-9333: check that result layouts are not emptied at merge -->
    <contentView name="CURRENT_DOCUMENT_CHILDREN_REF">
      <title>current document children overriden</title>
      <pageProvider name="CURRENT_DOCUMENT_CHILDREN_PP_2">
        <property name="coreSession">#{documentManager}</property>
        <property name="checkQueryCache">true</property>
        <parameter>#{currentDocument.id}</parameter>
      </pageProvider>
    </contentView>

    <contentView name="CURRENT_DOCUMENT_CHILDREN_FETCH" enabled="false" />

    <!-- override by changing page provider into a generic page provider -->
    <contentView name="OVERRIDE_PAGE_PROVIDER_WITH_GENERIC">
      <coreQueryPageProvider enabled="false" />
      <genericPageProvider
        class="org.nuxeo.ecm.platform.query.nxql.CoreQueryAndFetchPageProvider">
        <property name="coreSession">#{documentManager}</property>
        <pattern>
          SELECT dc:title FROM Document WHERE ecm:parentId = ? AND
          ecm:isVersion = 0 AND ecm:mixinType != 'HiddenInNavigation'
          AND ecm:isTrashed = 0
        </pattern>
        <sort column="dc:title" ascending="true" />
        <pageSize>2</pageSize>
      </genericPageProvider>
    </contentView>

    <!-- override named page provider definition -->
    <contentView name="NAMED_PAGE_PROVIDER">
      <coreQueryPageProvider name="PP_NAME_OVERRIDE">
        <property name="foo2">bar2</property>
        <pattern>SELECT * FROM Document</pattern>
      </coreQueryPageProvider>
    </contentView>

  </extension>

  <extension target="org.nuxeo.ecm.platform.query.api.PageProviderService"
    point="providers">

    <coreQueryPageProvider name="CURRENT_DOCUMENT_CHILDREN_PP_2">
      <pattern>
        SELECT * FROM Document WHERE ecm:parentId = ?
      </pattern>
    </coreQueryPageProvider>

  </extension>

</component>
