<?xml version="1.0"?>
<component name="org.nuxeo.ecm.platform.routing.listeners.test">

  <extension target="org.nuxeo.ecm.core.event.EventServiceComponent"
    point="listener">

    <listener name="testListeners" async="false" postCommit="false"
      class="org.nuxeo.ecm.platform.routing.test.DummyRoutingListener"
      priority="120">
    </listener>

    </extension>
</component>
