<?xml version="1.0"?>
<component name="org.nuxeo.rest.api.marshallers.test">

  <extension target="org.nuxeo.ecm.core.io.MarshallerRegistry" point="marshallers">
    <register class="org.nuxeo.ecm.restapi.test.versioning.DummyWriter" enable="true" />
    <register class="org.nuxeo.ecm.restapi.test.versioning.DummyWriterV2" enable="true" />
    <register class="org.nuxeo.ecm.restapi.test.versioning.DummyReader" enable="true" />
    <register class="org.nuxeo.ecm.restapi.test.versioning.DummyEnricher" enable="true" />
    <register class="org.nuxeo.ecm.restapi.test.versioning.DummyEnricherV2" enable="true" />
  </extension>

</component>
