<?xml version="1.0"?>
<component name="test-directory-contrib">



  <extension target="org.nuxeo.ecm.directory.sql.SQLDirectoryFactory"
    point="directories">

    <directory name="testdir">
      <schema>vocabulary</schema>
      <types>
        <type>system</type>
        <type>tata</type>
      </types>
      <dataSource>java:/nxsqldirectory</dataSource>
      <cacheTimeout>3600</cacheTimeout>
      <cacheMaxSize>1000</cacheMaxSize>
      <table>testdir</table>
      <idField>id</idField>
      <autoincrementIdField>false</autoincrementIdField>
      <createTablePolicy>always</createTablePolicy>
      <dataFile>directories/testdir.csv</dataFile>
    </directory>

    <directory name="country">
      <schema>xvocabulary</schema>
      <types>
        <type>toto</type>
      </types>
      <parentDirectory>continent</parentDirectory>
      <dataSource>java:/nxsqldirectory</dataSource>
      <table>country</table>
      <idField>id</idField>
      <autoincrementIdField>false</autoincrementIdField>
      <dataFile>directories/country.csv</dataFile>
      <createTablePolicy>on_missing_columns</createTablePolicy>
    </directory>

    <directory name="continent">
      <schema>vocabulary</schema>
      <types>
        <type>pouet</type>
        <type>poum</type>
      </types>
      <dataSource>java:/nxsqldirectory</dataSource>
      <table>continent</table>
      <idField>id</idField>
      <autoincrementIdField>false</autoincrementIdField>
      <dataFile>directories/continent.csv</dataFile>
      <createTablePolicy>on_missing_columns</createTablePolicy>
      <deleteConstraint
        class="org.nuxeo.ecm.directory.HierarchicalDirectoryDeleteConstraint">
        <property name="targetDirectory">country</property>
        <property name="targetDirectoryField">parent</property>
      </deleteConstraint>
    </directory>

    <directory name="nature" extends="template-directory">
      <schema>vocabulary</schema>
      <idField>id</idField>
      <autoincrementIdField>false</autoincrementIdField>
      <dataFile>directories/nature-rest-test.csv</dataFile>
      <createTablePolicy>on_missing_columns</createTablePolicy>
    </directory>

  </extension>
</component>
