<?xml version="1.0" encoding="UTF-8"?>
<component name="org.nuxeo.ecm.platform.restapi.server.properties.batch.upload.test">

  <extension target="org.nuxeo.runtime.ConfigurationService" point="configuration">
    <property name="nuxeo.batch.upload.multipart.disabled">true</property>
  </extension>

</component>
