<?xml version="1.0"?>
<component name="test-directory-contrib">

  <extension target="org.nuxeo.ecm.core.schema.TypeService" point="schema">
    <schema name="intIdSchema" src="schemas/intIdSchema.xsd"/>
  </extension>

  <extension target="org.nuxeo.ecm.directory.GenericDirectory" point="directories">

    <directory name="intIdTestDir" extends="template-directory">
      <schema>intIdSchema</schema>
      <types>
        <type>system</type>
      </types>
      <createTablePolicy>always</createTablePolicy>
      <idField>id</idField>
      <autoincrementIdField>true</autoincrementIdField>
    </directory>

  </extension>

  <extension target="org.nuxeo.ecm.directory.GenericDirectory" point="directories">

    <directory name="testdir" extends="template-directory">
      <schema>vocabulary</schema>
      <types>
        <type>system</type>
        <type>tata</type>
      </types>
      <idField>id</idField>
      <autoincrementIdField>false</autoincrementIdField>
      <createTablePolicy>always</createTablePolicy>
      <dataFile>directories/testdir.csv</dataFile>
    </directory>

    <directory name="country" extends="template-directory">
      <schema>xvocabulary</schema>
      <types>
        <type>toto</type>
      </types>
      <parentDirectory>continent</parentDirectory>
      <idField>id</idField>
      <autoincrementIdField>false</autoincrementIdField>
      <dataFile>directories/country.csv</dataFile>
      <createTablePolicy>on_missing_columns</createTablePolicy>
    </directory>

    <directory name="continent" extends="template-directory">
      <schema>vocabulary</schema>
      <types>
        <type>pouet</type>
        <type>poum</type>
      </types>
      <idField>id</idField>
      <autoincrementIdField>false</autoincrementIdField>
      <dataFile>directories/continent.csv</dataFile>
      <createTablePolicy>on_missing_columns</createTablePolicy>
      <deleteConstraint class="org.nuxeo.ecm.directory.HierarchicalDirectoryDeleteConstraint">
        <property name="targetDirectory">country</property>
        <property name="targetDirectoryField">parent</property>
      </deleteConstraint>
    </directory>

    <directory name="nature" extends="template-directory">
      <schema>vocabulary</schema>
      <idField>id</idField>
      <autoincrementIdField>false</autoincrementIdField>
      <dataFile>directories/nature-rest-test.csv</dataFile>
      <createTablePolicy>on_missing_columns</createTablePolicy>
    </directory>

  </extension>
</component>
