<?xml version="1.0"?>
<component name="test-directory-contrib">

  <extension target="org.nuxeo.ecm.directory.sql.SQLDirectoryFactory"
    point="directories">

    <directory name="oauth2Tokens" remove="true">
    </directory>

    <directory name="oauth2Tokens">
      <schema>oauth2Token</schema>
      <dataSource>java:/nxsqldirectory</dataSource>
      <cacheTimeout>3600</cacheTimeout>
      <cacheMaxSize>1000</cacheMaxSize>
      <table>oauth2Tokens</table>
      <createTablePolicy>always</createTablePolicy>
      <dataFile>directories/oauth2token.csv</dataFile>
      <idField>id</idField>
      <autoincrementIdField>true</autoincrementIdField>
      <permissions>
        <permission name="Read">
          <group>__Nobody__</group>
        </permission>
      </permissions>
    </directory>

  </extension>
</component>
