<component name="org.nuxeo.user.manager.password.pattern.test">
  <extension point="userManager" target="org.nuxeo.ecm.platform.usermanager.UserService">
    <userManager class="org.nuxeo.ecm.platform.computedgroups.UserManagerWithComputedGroups">
      <userPasswordPattern>^([a-zA-Z0-9])+$</userPasswordPattern>
    </userManager>
  </extension>
</component>
