<?xml version="1.0"?>
<component name="org.nuxeo.core.tests.types.defaultvalue" version="1.0">
  <!-- used by org.nuxeo.ecm.restapi.test.DocWithDefaultValuesTest -->
  <!-- used by org.nuxeo.ecm.restapi.test.DocumentBrowsingTest -->

  <extension target="org.nuxeo.ecm.core.schema.TypeService" point="schema">
    <schema name="defaultvalue" prefix="dv" src="schemas/defaultvalues.xsd" />
  </extension>

  <extension target="org.nuxeo.ecm.core.schema.TypeService" point="doctype">
    <doctype name="DocDefaultValue" extends="Document">
      <schema name="dublincore"/>
      <schema name="defaultvalue" />
    </doctype>
  </extension>

</component>
