<?xml version="1.0"?>
<component name="org.nuxeo.rest.api.listener.test.contrib" version="1.0">

  <extension target="org.nuxeo.ecm.core.event.EventServiceComponent"
    point="listener">
    <listener name="DummyEmptyDocumentListener" async="false"
      postCommit="false" priority="10"
      class="org.nuxeo.ecm.restapi.test.DummyEmptyDocumentListener">
      <event>emptyDocumentModelCreated</event>
    </listener>
  </extension>

</component>
