<?xml version="1.0"?>
<component name="org.nuxeo.ecm.platform.usermanager.test.powerusers">

  <extension target="org.nuxeo.ecm.platform.usermanager.UserService"
    point="userManager">
    <userManager class="org.nuxeo.ecm.platform.usermanager.UserManagerImpl">
      <administratorsGroup>foo</administratorsGroup>
    </userManager>
  </extension>

</component>
