<?xml version="1.0"?>
<component name="test-directory-contrib">

  <extension target="org.nuxeo.ecm.directory.GenericDirectory"
    point="directories">

    <directory name="oauth2Tokens" remove="true">
    </directory>

    <directory name="oauth2Tokens" extends="template-directory">
      <schema>oauth2Token</schema>
      <createTablePolicy>always</createTablePolicy>
      <dataFile>directories/oauth2token.csv</dataFile>
      <idField>id</idField>
      <autoincrementIdField>true</autoincrementIdField>
      <permissions>
        <permission name="Read">
          <group>__Nobody__</group>
        </permission>
      </permissions>
    </directory>

  </extension>
</component>
