<?xml version="1.0"?>
<component name="org.nuxeo.rest.api.multi.repository.test">

  <extension target="org.nuxeo.ecm.core.storage.sql.RepositoryService" point="repository">
    <repository name="other">
      <indexing>
        <fulltext disabled="true" />
      </indexing>
    </repository>
  </extension>

  <extension target="org.nuxeo.runtime.datasource" point="datasources">
    <datasource name="jdbc/repository_other" driverClassName="org.h2.Driver">
      <property name="url">jdbc:h2:mem:other;DB_CLOSE_DELAY=-1</property>
    </datasource>
  </extension>

</component>