<component name="org.nuxeo.ecm.user.center.profile.properties.test" version="1.0.0">

  <extension target="org.nuxeo.runtime.ConfigurationService" point="configuration">
    <property name="nuxeo.userprofile.enricher.compatibility">false</property>
  </extension>

</component>
