<?xml version="1.0"?>
<component name="org.nuxeo.runtime.stream.tests.kafka.contrib">

  <extension point="kafkaConfig" target="org.nuxeo.runtime.stream.kafka.service">
    <kafkaConfig name="config1" topicPrefix="nuxeo-test-">
      <producer>
        <property name="bootstrap.servers">kafka-broker-1:9092,kafka-broker-2:9092</property>
        <property name="delivery.timeout.ms">30000</property>
        <property name="acks">1</property>
      </producer>
      <consumer>
        <property name="subscribe.disable">true</property>
        <property name="bootstrap.servers">localhost:9092</property>
        <property name="request.timeout.ms">30000</property>
        <property name="default.api.timeout.ms">30000</property>
        <property name="max.poll.interval.ms">60000</property>
        <property name="session.timeout.ms">10000</property>
        <property name="heartbeat.interval.ms">2000</property>
        <property name="max.poll.records">5</property>
      </consumer>
    </kafkaConfig>

    <kafkaConfig name="config2" topicPrefix="foo">
      <producer>
        <property name="bootstrap.servers">remote:9092</property>
      </producer>
    </kafkaConfig>

  </extension>

</component>
