<?xml version="1.0"?>
<component name="org.nuxeo.ecm.core.cache.test1">

  <extension target="org.nuxeo.ecm.core.cache.CacheService" point="caches">

    <cache name="myid">
      <ttl>123</ttl>
      <option name="foo">foovalue</option>
      <option name="bar">barvalue</option>
    </cache>

  </extension>

</component>
