<?xml version="1.0"?>

<component name="org.nuxeo.ecm.platform.query.api.PageProviderservice.testContrib">

  <extension target="org.nuxeo.ecm.platform.query.api.PageProviderService"
    point="providers">

    <coreQueryPageProvider name="CURRENT_DOCUMENT_CHILDREN_TRACK">
      <trackUsage>true</trackUsage>
      <pattern>
        SELECT * FROM Document WHERE ecm:parentId = ? AND
        ecm:isVersion = 0 AND ecm:mixinType != 'HiddenInNavigation' AND
        ecm:isTrashed = 0
      </pattern>
      <sort column="dc:title" ascending="true" />
      <pageSize>2</pageSize>
      <pageSizeOptions>
        <option>10</option>
        <option>15</option>
        <option>20</option>
      </pageSizeOptions>
    </coreQueryPageProvider>

    <genericPageProvider name="CURRENT_DOCUMENT_CHILDREN_SEARCH_DOCUMENT_TRACK"
                         class="org.nuxeo.elasticsearch.provider.ElasticSearchNxqlPageProvider">
      <trackUsage>true</trackUsage>
      <whereClause docType="Document">
        <predicate parameter="ecm:parentId" operator="=">
          <field schema="ecm" name="uuid" />
        </predicate>
        <fixedPart>
          ecm:isVersion = 0 AND ecm:mixinType != 'HiddenInNavigation' AND ecm:isTrashed = 0
        </fixedPart>
      </whereClause>
      <sort column="dc:title" ascending="true" />
      <pageSize>2</pageSize>
    </genericPageProvider>

  </extension>

</component>
