<component name="org.nuxeo.ecm.platform.routing.chainsToType.contrib.test"
  version="1.0">
  <require>org.nuxeo.ecm.platform.routing.chainsToType.contrib</require>
  <extension target="org.nuxeo.ecm.platform.routing.service"
    point="chainsToType">
    <mapping documentType="DocumentRouteStep" chainId="setWaiting"
      undoChainIdFromRunning="setUndo" undoChainIdFromDone="setUndo" />
  </extension>

</component>
