<component name="org.nuxeo.ecm.platform.routing.operation.chains.test"
  version="1.0">

  <extension target="org.nuxeo.ecm.core.operation.OperationServiceComponent"
    point="chains">
    <chain id="setWaiting">
      <operation id="Document.Routing.Step.Waiting" />
    </chain>
    <chain id="setUndo">
      <operation id="Document.Routing.BackToReady" />
      <operation id="Document.Routing.Step.Undo" />
    </chain>
  </extension>

</component>
