<?xml version="1.0"?>

<component name="org.nuxeo.ecm.platform.cv.pp.testOverrideContrib">

  <extension target="org.nuxeo.ecm.platform.query.api.PageProviderService"
    point="providers">

    <!-- override named page provider definition -->
    <coreQueryPageProvider name="PP_NAME">
      <pattern>SELECT * FROM Document</pattern>
    </coreQueryPageProvider>

  </extension>

</component>
