<?xml version="1.0"?>
<component name="org.nuxeo.ecm.platform.oauth1.test.servletcontainer">

  <extension target="org.nuxeo.runtime.server" point="webapp">
    <webapp context="/">
      <root>web/root.war</root>
    </webapp>
  </extension>

  <extension target="org.nuxeo.runtime.server" point="filter">
    <filter context="/">
      <filter-name>NuxeoAuthenticationFilter</filter-name>
      <filter-class>org.nuxeo.ecm.platform.ui.web.auth.NuxeoAuthenticationFilter</filter-class>
      <display-name>Nuxeo Authentication Filter</display-name>
      <filter-mapping>
        <url-pattern>/*</url-pattern>
      </filter-mapping>
    </filter>
    <filter context="/">
      <filter-name>Dummy Filter</filter-name>
      <filter-class>org.nuxeo.ecm.platform.oauth.tests.TestOAuth1Protocol$DummyFilter</filter-class>
      <filter-mapping>
        <url-pattern>/*</url-pattern>
      </filter-mapping>
    </filter>
  </extension>

  <extension target="org.nuxeo.runtime.server" point="servlet">
    <servlet context="/">
      <servlet-name>OAuth 1 Servlet</servlet-name>
      <servlet-class>org.nuxeo.ecm.platform.ui.web.auth.oauth.NuxeoOAuth1Servlet</servlet-class>
      <url-pattern>/oauth/*</url-pattern>
    </servlet>
  </extension>

</component>
