<?xml version="1.0"?>
<component name="org.nuxeo.ecm.platform.ui.web.auth.oauth2.test">

  <require>org.nuxeo.ecm.platform.ui.web.auth.defaultConfig</require>

  <extension target="org.nuxeo.ecm.platform.ui.web.auth.service.PluggableAuthenticationService"
    point="chain">
    <authenticationChain>
      <plugins>
        <plugin>BASIC_AUTH</plugin>
      </plugins>
    </authenticationChain>
  </extension>

  <extension target="org.nuxeo.ecm.platform.ui.web.auth.service.PluggableAuthenticationService"
    point="preFilter">
    <preFilter name="OAuth" class="org.nuxeo.ecm.platform.ui.web.auth.oauth.NuxeoOAuthFilter" />
  </extension>

</component>
