<?xml version="1.0"?>
<component name="org.nuxeo.ecm.platform.importer.service.test.contrib">

  <extension target="org.nuxeo.ecm.platform.importer.service.DefaultImporterComponent" point="importerConfiguration">
    <importerConfig sourceNodeClass="org.nuxeo.ecm.platform.importer.source.FileWithIndividualMetadasSourceNode" />
  </extension>
</component>
