<?xml version="1.0"?>
<component name="org.nuxeo.ecm.platform.el.contextfactory.test">

  <extension target="org.nuxeo.ecm.platform.el.service" point="elContextFactory">
    <factory class="org.nuxeo.platform.el.DummyELContextFactory"/>
  </extension>

</component>
