<?xml version="1.0"?>

<component name="org.nuxeo.ecm.directory.storage">

  <extension target="org.nuxeo.ecm.directory.GenericDirectory"
             point="directories">

    <directory name="userDirectory" extends="template-user">
      <schema>user</schema>
      <types>
        <type>system</type>
      </types>
      <idField>username</idField>
      <passwordField>password</passwordField>
      <passwordHashAlgorithm>SSHA</passwordHashAlgorithm>
      <substringMatchType>subany</substringMatchType>
      <autoincrementIdField>false</autoincrementIdField>
      <createTablePolicy>always</createTablePolicy>
      <dataFile>test-users.csv</dataFile>
      <references>
        <reference field="groups" directory="groupDirectory"
                   name="user2group" source="userId"
                   target="groupId" dataFile="test-user2group.csv" />
      </references>
    </directory>

    <directory name="groupDirectory" extends="template-group">
      <schema>group</schema>
      <types>
        <type>system</type>
      </types>
      <idField>groupname</idField>
      <autoincrementIdField>false</autoincrementIdField>
      <createTablePolicy>always</createTablePolicy>
      <dataFile>test-groups.csv</dataFile>
      <references>
        <inverseReference field="members" directory="userDirectory"
                          dualReferenceField="groups" />
        <reference field="subGroups" directory="groupDirectory"
                   name="group2group" source="childGroupId"
                   target="parentGroupId" />
        <inverseReference field="parentGroups"
                          directory="groupDirectory" dualReferenceField="subGroups" />
      </references>
    </directory>

    <directory name="continentDirectory" extends="template-directory">
      <schema>vocabulary</schema>
      <idField>id</idField>
      <createTablePolicy>on_missing_columns</createTablePolicy>
    </directory>

  </extension>
</component>
