<?xml version="1.0"?>
<component name="org.nuxeo.runtime.cluster.lock.test" version="1.0">

  <extension target="org.nuxeo.runtime.kv.KeyValueService" point="configuration">
    <store name="cluster" class="org.nuxeo.runtime.kv.MemKeyValueStore" />
  </extension>

</component>
