<?xml version="1.0"?>
<component name="org.nuxeo.ecm.platform.rendition.lazy.testContrib">

  <require>org.nuxeo.ecm.platform.rendition.contrib</require>

  <extension target="org.nuxeo.ecm.platform.rendition.service.RenditionService" point="renditionDefinitions">

    <renditionDefinition name="iamlazy" enabled="true"
        class="org.nuxeo.ecm.platform.rendition.service.lazy.LazyRenditionProviderSample">
    </renditionDefinition>

    <renditionDefinition name="zipTreeExportLazily" enabled="true"
        class="org.nuxeo.ecm.platform.rendition.lazy.AutomationLazyPerUserRenditionProvider">
      <label>label.exportview.zipTreeExport</label>
      <icon>/icons/zip_tree_export.png</icon>
      <contentType>application/zip</contentType>
      <allowEmptyBlob>true</allowEmptyBlob>
      <operationChain>zipTreeExportRendition</operationChain>
      <storeByDefault>true</storeByDefault>
      <filters>
        <filter-id>folder</filter-id>
      </filters>
    </renditionDefinition>

  </extension>

  <extension target="org.nuxeo.ecm.core.transientstore.TransientStorageComponent" point="store">

    <store name="LazyRenditionCache">
    </store>
   </extension>

</component>
