<?xml version="1.0"?>
<component name="org.nuxeo.ecm.platform.rendition.testContrib3">

  <require>org.nuxeo.ecm.platform.rendition.contrib</require>

  <extension target="org.nuxeo.ecm.platform.rendition.service.RenditionService" point="storedRenditionManagers">
    <storedRenditionManager class="org.nuxeo.ecm.platform.rendition.service.DummyStoredRenditionManager" />
  </extension>

</component>
