<?xml version="1.0"?>
<component name="org.nuxeo.ecm.platform.rendition.test.automation">

  <extension target="org.nuxeo.ecm.core.operation.OperationServiceComponent" point="operations">
    <operation class="org.nuxeo.ecm.automation.server.test.ExitOperation" />
    <operation class="org.nuxeo.ecm.platform.rendition.service.DummyDocToTxt" />
    <operation class="org.nuxeo.ecm.platform.rendition.service.SleepOperation" />
  </extension>

  <extension target="org.nuxeo.ecm.core.operation.OperationServiceComponent" point="chains">
    <chain id="Dummy">
      <operation id="Document.Pop" />
      <operation id="DummyDoc.ToTxt" />
    </chain>
    <chain id="DelayedError">
      <operation id="SleepOperation">
        <param type="long" name="durationMillis">1000</param>
      </operation>
      <operation id="Test.Exit">
        <param type="boolean" name="error">true</param>
        <param type="boolean" name="rollback">true</param>
      </operation>
    </chain>
  </extension>

</component>
