<?xml version="1.0"?>

<!-- This is a test setup for SQL directories that is similar to the
  default-sql-directories-bundles.xml setup except that the datasource is set
  to a in memory backend -->

<component name="org.nuxeo.ecm.directory.sql.publisher.test">

  <require>org.nuxeo.ecm.directory.sql.SQLDirectoryFactory</require>

  <extension target="org.nuxeo.ecm.directory.sql.SQLDirectoryFactory"
    point="directories">

    <directory name="userDirectory">

      <schema>user</schema>
      <dataSource>java:/nxsqldirectory</dataSource>
      <table>users</table>
      <idField>username</idField>
      <passwordField>password</passwordField>
      <substringMatchType>subany</substringMatchType>
      <autoincrementIdField>false</autoincrementIdField>
      <dataFile>data/test-users.csv</dataFile>
      <createTablePolicy>always</createTablePolicy>

      <references>
        <tableReference field="groups" directory="groupDirectory"
          table="user2group" sourceColumn="userId"
          targetColumn="groupId" dataFile="data/test-user2group.csv" />
      </references>

    </directory>


    <directory name="groupDirectory">

      <schema>group</schema>
      <dataSource>java:/nxsqldirectory</dataSource>
      <table>groups</table>
      <idField>groupname</idField>
      <autoincrementIdField>false</autoincrementIdField>
      <dataFile>data/test-groups.csv</dataFile>
      <createTablePolicy>always</createTablePolicy>

      <references>
        <inverseReference field="members" directory="userDirectory"
          dualReferenceField="groups" />
        <tableReference field="subGroups" directory="groupDirectory"
          table="group2group" sourceColumn="childGroupId"
          targetColumn="parentGroupId" />
        <inverseReference field="parentGroups"
          directory="groupDirectory" dualReferenceField="subGroups" />
      </references>

    </directory>

  </extension>
</component>
