<?xml version="1.0"?>

<component name="org.nuxeo.ecm.webapp.directory.directoryUI.tests.override">

  <extension target="org.nuxeo.ecm.directory.ui.DirectoryUIManager"
    point="directories">

    <directory name="continent" enabled="false" />

  </extension>

</component>
