<?xml version="1.0"?>
<component name="org.nuxeo.ecm.platform.routing.escalation.long.running.flag.ttl.config">
  <require>org.nuxeo.ecm.platform.routing.escalation.scheduler.config</require>

  <extension target="org.nuxeo.runtime.ConfigurationService" point="configuration">
    <property name="nuxeo.document.routing.escalation.running.flag.ttl.duration">1d</property>
  </extension>

</component>
