<component name="org.nuxeo.ecm.core.rules.test-operations" version="1.0">

  <extension point="operations"
             target="org.nuxeo.ecm.core.operation.OperationServiceComponent">
    <operation class="org.nuxeo.ecm.automation.core.test.Operation1" />
    <operation class="org.nuxeo.ecm.automation.core.test.Operation2" />
    <operation class="org.nuxeo.ecm.automation.core.test.Operation3" />
    <operation class="org.nuxeo.ecm.automation.core.test.Operation4" />
    <operation class="org.nuxeo.ecm.automation.core.test.UnmatchedOperation" />
    <operation class="org.nuxeo.ecm.automation.core.test.VoidOperation1" />
    <operation class="org.nuxeo.ecm.automation.core.test.VoidOperation2" />
    <operation class="org.nuxeo.ecm.automation.core.test.AdaptableOperation1" />
    <operation class="org.nuxeo.ecm.automation.core.test.AdaptableOperation2" />
    <operation class="org.nuxeo.ecm.automation.core.test.ControlOperation" />
    <operation class="org.nuxeo.ecm.automation.core.test.GetVarOperation" />
    <operation class="org.nuxeo.ecm.automation.core.test.StringListOperation" />
    <operation class="org.nuxeo.ecm.automation.core.test.ExitOperation" />
    <operation class="org.nuxeo.ecm.automation.core.test.ParamNameWithAliasOperation" />
    <operation class="org.nuxeo.ecm.automation.core.test.SetTransactionRollbackOnlyOperation" />
  </extension>

  <extension point="chains"
             target="org.nuxeo.ecm.core.operation.OperationServiceComponent">
    <chain id="mychain">
      <operation id="o1">
        <param type="string" name="message">Hello 1!</param>
      </operation>
      <operation id="o2">
        <param type="string" name="message">Hello 2!</param>
      </operation>
      <operation id="o1">
        <param type="string" name="message">Hello 3!</param>
      </operation>
    </chain>
    <chain id="doc_subchain">
      <operation id="Context.FetchDocument" />
      <operation id="Document.Create">
        <param type="string" name="type">Note</param>
        <param type="string" name="name">MyDoc</param>
        <param type="properties" name="properties">
          dc:title=My Doc
          dc:description=My Doc desc
        </param>
      </operation>
    </chain>
    <chain id="doc_subchain_alt">
      <operation id="Context.FetchDocument" />
      <operation id="Document.Create">
        <param type="string" name="type">Note</param>
        <param type="string" name="name">MyDoc</param>
        <param type="properties" name="properties">
          <property key="dc:title">My Doc</property>
          <property key="dc:description">My Doc desc</property>
        </param>
      </operation>
    </chain>
    <chain id="runOnList">
      <operation id="runOnListItem" />
    </chain>
    <chain id="core_chain1">
      <operation id="Context.FetchDocument" />
      <operation id="Document.Create">
        <param type="string" name="type">Note</param>
        <param type="string" name="name">note</param>
        <param type="properties" name="properties">dc:title=MyDoc</param>
      </operation>
      <operation id="Document.Copy">
        <param type="document" name="target">../../dst</param>
        <param type="string" name="name">note_copy</param>
      </operation>
      <operation id="Document.SetProperty">
        <param type="string" name="xpath">dc:description</param>
        <param type="serializable" name="value">
          expr:Document.getProperty('dc:description') != null &amp;&amp; Document.getProperty('dc:description') != '' ?
          Document.getProperty('dc:description').toUpperCase() : 'mydesc'
        </param>
      </operation>
    </chain>

    <chain id="testDateCopy">
      <operation id="Context.FetchDocument" />
      <operation id="Document.SetProperty">
        <param type="serializable" name="value">expr:Document.parent.getProperty("dc:issued")</param>
        <param type="string" name="xpath">dc:issued</param>
        <param type="boolean" name="save">true</param>
      </operation>
    </chain>

    <chain id="testExitChain">
      <operation id="Test.Exit">
        <param type="boolean" name="error">true</param>
        <param type="boolean" name="rollback">true</param>
      </operation>
    </chain>

    <chain id="testEmptyExpression">
      <operation id="Context.FetchDocument" />
      <operation id="Document.SetProperty">
        <param type="serializable" name="value">expr:@{empty}</param>
        <param type="string" name="xpath">dc:title</param>
        <param type="boolean" name="save">true</param>
      </operation>
    </chain>

    <chain id="doc_create_chain_alias">
      <aliases>
        <alias>chainAlias1</alias>
        <alias>chainAlias2</alias>
      </aliases>
      <operation id="OperationWithParamNameAlias">
        <param type="string" name="paramName">Hello Chain Alias!</param>
      </operation>
    </chain>

    <chain id="doc_create_chain_alias_with_op_alias">
      <aliases>
        <alias>chainAlias3</alias>
        <alias>chainAlias4</alias>
      </aliases>
      <operation id="aliasOp1">
        <param type="string" name="paramName">Hello Chain Alias!</param>
      </operation>
    </chain>

    <chain id="testAddPermissionToUsers">
      <operation id="Document.AddPermission">
        <param type="string" name="permission">Read</param>
        <param type="serializable" name="users">jchastain, rdeniro, dwashington</param>
      </operation>
    </chain>

  </extension>

</component>
