<?xml version="1.0"?>
<component name="ds:repository-test">

  <extension target="org.nuxeo.runtime.datasource"
    point="datasources">

    <datasource name="jdbc/${nuxeo.test.vcs.database}" driverClassName="${nuxeo.test.vcs.driver}"
        maxPoolSize="30" minPoolSize="5" blockingTimeoutMillis="10000">
      <property name="url">${nuxeo.test.vcs.url}</property>
      <property name="username">${nuxeo.test.vcs.user}</property>
      <property name="password">${nuxeo.test.vcs.password}</property>
    </datasource>

    <link name="jdbc/repository_test" global="jdbc/${nuxeo.test.vcs.database}"/>
    <link name="jdbc/repository_repo2" global="jdbc/${nuxeo.test.vcs.database}"/>

  </extension>

</component>