<?xml version="1.0"?>
<component name="org.nuxeo.ecm.core.storage.sql.test.repo.cluster">

  <extension target="org.nuxeo.runtime.cluster.ClusterService" point="configuration">
    <clusterNode id="1" enabled="true" />
  </extension>

</component>
