<?xml version="1.0" ?>
<web-app xmlns="http://java.sun.com/xml/ns/j2ee" xmlns:xsi="http://www.w3.org/2001/XMLSchema-instance"
  xsi:schemaLocation="http://java.sun.com/xml/ns/j2ee http://java.sun.com/xml/ns/j2ee/web-app_2_4.xsd" version="2.4">

  <servlet>
    <servlet-name>OAuth2 Servlet</servlet-name>
    <servlet-class>org.nuxeo.ecm.platform.oauth2.NuxeoOAuth2Servlet</servlet-class>
    <load-on-startup>1</load-on-startup>
  </servlet>
  <servlet-mapping>
    <servlet-name>OAuth2 Servlet</servlet-name>
    <url-pattern>/oauth2/*</url-pattern>
  </servlet-mapping>

</web-app>
