<?xml version="1.0"?>
<component name="org.nuxeo.ecm.core.work.stream.config.test" version="1.0">
  <require>org.nuxeo.ecm.core.work.service</require>

  <service>
    <provide interface="org.nuxeo.ecm.core.work.api.WorkManager" />
  </service>

  <implementation class="org.nuxeo.ecm.core.work.StreamWorkManager" />

  <extension-point name="queues">
    <object class="org.nuxeo.ecm.core.work.api.WorkQueueDescriptor" />
    <registry class="org.nuxeo.ecm.core.work.api.WorkQueueRegistry" />
  </extension-point>

  <extension target="org.nuxeo.runtime.ConfigurationService" point="configuration">
    <!--  this enables the state storage in StreamWorkManager so tests are run in the most complete way -->
    <property name="nuxeo.stream.work.storestate.enabled">true</property>

    <!--  this enables to overflow big work that cannot be serialized into a stream using an overflow storage -->
    <property name="nuxeo.stream.work.computation.filter.class">org.nuxeo.ecm.core.work.KeyValueStoreOverflowRecordFilter</property>
    <property name="nuxeo.stream.work.computation.filter.storeName">default</property>
    <property name="nuxeo.stream.work.computation.filter.storeTTL">5m</property>
    <property name="nuxeo.stream.work.computation.filter.thresholdSize">100000</property>
  </extension>

</component>
