<?xml version="1.0"?>
<component name="org.nuxeo.ecm.core.work.config.disablequeue1.test">

  <extension target="org.nuxeo.ecm.core.work.service" point="queues">
    <queue id="*" processing="false"/>
    <queue id="SleepWork" processing="true"/>
  </extension>

</component>
