<?xml version="1.0"?>
<component name="test-listener.disable">

  <extension target="org.nuxeo.ecm.core.event.EventServiceComponent" point="listener">
    <listener script="script/listener.groovy" enable="false" />
  </extension>

</component>
