<?xml version="1.0"?>
<component name="org.nuxeo.ecm.core.work.config.disablequeue.test">

  <extension target="org.nuxeo.ecm.core.work.service" point="queues">
    <queue id="SleepWork" processing="false"/>
  </extension>

</component>
