<?xml version="1.0"?>
<component name="org.nuxeo.ecm.core.test.repository">

  <extension target="org.nuxeo.runtime.mongodb.MongoDBComponent" point="connection">
    <connection id="default">
      <server>${nuxeo.test.mongodb.server}</server>
      <dbname>${nuxeo.test.mongodb.dbname}</dbname>
    </connection>
  </extension>

  <extension target="org.nuxeo.ecm.core.storage.mongodb.MongoDBRepositoryService" point="repository">
    <repository name="test" label="MongoDB Repository">
      <!--
      <idType>varchar</idType>
      <sequenceBlockSize>1</sequenceBlockSize>
      <nativeId>false</nativeId>
      -->
      <changeTokenEnabled>${nuxeo.test.changetoken.enabled}</changeTokenEnabled>
      <fulltext disabled="${nuxeo.test.fulltext.disabled}" searchDisabled="${nuxeo.test.fulltext.search.disabled}">
        <index> <!-- name="default" implied -->
          <!-- all props implied -->
        </index>
        <index name="title">
          <field>dc:title</field>
        </index>
      </fulltext>
    </repository>
  </extension>

</component>
