<?xml version="1.0"?>
<component name="org.nuxeo.ecm.core.test.blobstore">
  <require>org.nuxeo.ecm.core.test.blobmanager</require>
  <extension target="org.nuxeo.ecm.core.blob.BlobManager" point="configuration">
    <blobprovider name="test">
      <class>org.nuxeo.ecm.core.blob.LocalBlobProvider</class>
    </blobprovider>
  </extension>
</component>
