<?xml version="1.0"?>
<component name="org.nuxeo.ecm.core.test.chronicle.stream.config" version="1.0">

  <extension target="org.nuxeo.runtime.stream.service" point="logConfig">
    <logConfig name="work" type="chronicle" />
  </extension>

</component>