<?xml version="1.0"?>
<component name="org.nuxeo.ecm.liveconnect.google.drive.test" version="1.0.0">
  <require>org.nuxeo.ecm.liveconnect.google.drive.core.GoogleDriveComponent</require>

  <extension target="org.nuxeo.ecm.core.blob.BlobManager" point="configuration">
    <blobprovider name="googledrive">
      <class>org.nuxeo.ecm.liveconnect.google.drive.MockGoogleDriveBlobProvider</class>
    </blobprovider>
  </extension>

</component>
