<?xml version="1.0"?>
<component name="org.nuxeo.ecm.liveconnect.core.cache">

  <extension target="org.nuxeo.ecm.core.cache.CacheService" point="caches">

    <cache name="core">
      <option name="maxSize">1000</option>
      <option name="concurrencyLevel">10</option>
      <ttl>60</ttl>
    </cache>

  </extension>

</component>
