<?xml version="1.0"?>
<component name="org.nuxeo.ecm.liveconnect.box.core.test">
  <require>org.nuxeo.ecm.liveconnect.box.core.BoxComponent</require>

  <extension target="org.nuxeo.ecm.core.blob.BlobManager" point="configuration">
    <blobprovider name="box">
      <class>org.nuxeo.ecm.liveconnect.box.MockBoxBlobProvider</class>
    </blobprovider>
  </extension>

</component>
