<?xml version="1.0"?>
<component name="org.nuxeo.ecm.liveconnect.box.test"
  version="1.0.0">

  <require>org.nuxeo.ecm.core.blob.BlobManager</require>
  <require>org.nuxeo.ecm.platform.oauth2.providers.OAuth2ServiceProviderRegistry</require>

  <extension target="org.nuxeo.ecm.platform.oauth2.providers.OAuth2ServiceProviderRegistry" point="providers">
    <provider>
      <name>core</name>
      <description>Core</description>
      <class>org.nuxeo.ecm.liveconnect.core.MockLiveConnectOAuth2ServiceProvider</class>
      <tokenServerURL>https://localhost/token</tokenServerURL>
      <authorizationServerURL>https://localhost/authorizationServerURL</authorizationServerURL>
    </provider>
  </extension>

  <extension target="org.nuxeo.ecm.core.blob.BlobManager" point="configuration">
    <blobprovider name="core">
      <class>org.nuxeo.ecm.liveconnect.core.MockLiveConnectBlobProvider</class>
    </blobprovider>
  </extension>

</component>
