<component name="org.nuxeo.ecm.core.test.advanced.schema">

  <extension target="org.nuxeo.ecm.core.schema.TypeService" point="schema">
    <schema name="dublincore" prefix="dc" src="schema/dublincore.xsd" />
    <schema name="testProperties" prefix="tp" src="schema/test-properties.xsd" />
  </extension>

</component>
