<?xml version="1.0"?>
<component name="org.nuxeo.ecm.core.test.facet-disabled">

  <extension target="org.nuxeo.ecm.core.schema.TypeService" point="schema">
    <schema name="common" src="schema/common.xsd" />
  </extension>

  <extension target="org.nuxeo.ecm.core.schema.TypeService" point="doctype">

    <!-- define a facet -->
    <facet name="someFacet">
      <schema name="common" />
    </facet>

    <!-- define a doc with that facet -->
    <doctype name="myDoc">
      <facet name="someFacet" />
    </doctype>

    <!-- now disabled the facet -->
    <facet name="someFacet" enabled="false" />
  </extension>

</component>
