<component name="org.nuxeo.ecm.core.test">

  <extension target="org.nuxeo.ecm.core.schema.TypeService" point="doctype">
    <facet name="specdoc" />
    <facet name="specdoc2" />
    <facet name="specdoc3" />
    <facet name="specdoc4" />

    <doctype name="SpecialDocument" extends="Document">
      <facet name="specdoc" />
    </doctype>
    <doctype name="MyMergeableFolder" append="true">
      <facet name="specdoc2" />
      <subtypes>
        <type>myDoc2</type>
      </subtypes>
    </doctype>
    <doctype name="MyMergeableFolder" extends="SpecialDocument" append="true">
      <facet name="specdoc3" />
      <subtypes>
        <type>myDoc3</type>
      </subtypes>
    </doctype>
    <doctype name="MyMergeableFolder" append="true">
      <facet name="specdoc4" />
      <subtypes>
        <type>myDoc4</type>
      </subtypes>
    </doctype>
  </extension>

</component>
