<?xml version="1.0"?>
<component name="org.nuxeo.ecm.core.storage.mongodb.configuration.test">

  <extension target="org.nuxeo.runtime.ConfigurationService" point="configuration">
    <property name="nuxeo.mongodb.like.anchored">true</property>
  </extension>

</component>
