<?xml version="1.0"?>
<component name="org.nuxeo.ecm.core.test.tests.document-validation-listener">

  <extension target="org.nuxeo.ecm.core.event.EventServiceComponent" point="listener">
    <listener name="makeItValid" async="false" postCommit="false"
      class="org.nuxeo.ecm.core.api.validation.TestDocumentValidationActivation$MakeItValidListener">
      <event>aboutToCreate</event>
      <event>beforeDocumentModification</event>
      <event>aboutToImport</event>
    </listener>
  </extension>

</component>
