<?xml version="1.0"?>
<component name="org.nuxeo.ecm.core.storage.sql.tests.repo.core-types.complex-to-list.final">

  <extension target="org.nuxeo.ecm.core.schema.TypeService" point="schema">
    <schema name="complexToList" src="schemas/complexlist-over-complex.xsd" prefix="ctl" />
  </extension>

  <extension target="org.nuxeo.ecm.core.schema.TypeService" point="doctype">
    <doctype name="MyDocType3" extends="Document">
      <schema name="complexToList" />
    </doctype>
  </extension>

</component>
