<?xml version="1.0"?>
<component name="org.nuxeo.ecm.core.blob.test-blob-dispatcher" version="1.0.0">
  <extension target="org.nuxeo.ecm.core.blob.BlobManager" point="configuration">
    <blobprovider name="test2">
      <class>org.nuxeo.ecm.core.blob.binary.DefaultBinaryManager</class>
      <property name="path">binaries2</property>
    </blobprovider>
    <blobprovider name="test3">
      <class>org.nuxeo.ecm.core.blob.binary.DefaultBinaryManager</class>
      <property name="path">binaries3</property>
    </blobprovider>
    <blobprovider name="test4">
      <class>org.nuxeo.ecm.core.blob.binary.DefaultBinaryManager</class>
      <property name="path">binaries4</property>
    </blobprovider>
    <blobprovider name="transient">
      <class>org.nuxeo.ecm.core.blob.binary.DefaultBinaryManager</class>
      <property name="transient">true</property>
      <property name="path">binariestransient</property>
    </blobprovider>
    <blobprovider name="dummy">
      <class>org.nuxeo.ecm.core.DummyBlobProvider</class>
    </blobprovider>
  </extension>
  <extension target="org.nuxeo.ecm.core.blob.DocumentBlobManager" point="configuration">
    <blobdispatcher>
      <property name="dc:format=video">test2</property>
      <property name="nosuchschema:nosuchprop=foo">test2</property>
      <property name="blob:mime-type=video/mp4,nosuchschema:nosuchprop=foo">test3</property>
      <property name="blob:mime-type=video/mp4">test2</property>
      <property name="blob:xpath~files/*/?ile">test2</property>
      <property name="ecm:repositoryName=nosuchrepo,ecm:lifeCycleState=approved">test2</property>
      <property name="ecm:repositoryName=test,ecm:lifeCycleState=approved">test2</property>
      <property name="ecm:path^(/..*)*/folder(/..*)*/my.*">test4</property>
      <property name="default">test</property>
    </blobdispatcher>
  </extension>
</component>
