<?xml version="1.0"?>
<component name="org.nuxeo.ecm.core.storage.sql.tests.repo.core-types">

  <extension target="org.nuxeo.ecm.core.schema.TypeService" point="schema">
    <schema name="mylib" src="schemas/mylib.xsd" />
    <schema name="myschema" src="schemas/myschema.xsd" prefix="my" />
    <schema name="book" src="schemas/book.xsd" prefix="book" />
    <schema name="testList" src="schemas/mytestlist.xsd" prefix="" />
    <schema name="complexschema" src="schemas/complexschema.xsd" prefix="cmpf" />
    <schema name="test-properties" src="schemas/test-properties.xsd"
      prefix="tp" />
    <schema name="age" src="schemas/age.xsd" prefix="age" isVersionWritable="true" />
    <schema name="info" src="schemas/info.xsd" prefix="info" />
    <schema name="complex" src="schemas/complex.xsd" prefix="cpx" />
    <schema name="complexList" src="schemas/complexlist.xsd" prefix="cpxl" />
  </extension>

  <extension target="org.nuxeo.ecm.core.schema.TypeService" point="doctype">
    <facet name="BrowseViaSearch" />
    <facet name="HiddenInNavigation" />
    <doctype name="FolderWithSearch" extends="Folder">
      <facet name="Folderish" />
      <facet name="BrowseViaSearch" />
    </doctype>
    <doctype name="MyDocType" extends="Document">
      <schema name="common" />
      <schema name="myschema" />
      <schema name="dublincore" />
      <schema name="testList" />
      <schema name="book" />
    </doctype>
    <doctype name="MyDocType2" extends="Document">
      <schema name="complex" />
      <schema name="complexList" />
    </doctype>
    <doctype name="Book" extends="Folder">
      <schema name="common" />
      <schema name="book" />
    </doctype>
    <doctype name="HiddenFile" extends="Document">
      <schema name="common" />
      <schema name="file" />
      <schema name="dublincore" />
      <facet name="Downloadable" />
      <facet name="Versionable" />
      <facet name="HiddenInNavigation" />
    </doctype>
    <doctype name="ComplexDoc" extends="Document">
      <schema name="common" />
      <schema name="dublincore" />
      <schema name="complex" />
      <schema name="complexschema" />
    </doctype>
    <doctype name="TestDocument" extends="Document">
      <schema name="test-properties" />
    </doctype>
    <doctype name="TestDocument2" extends="Document">
      <schema name="dublincore" />
      <schema name="test-properties" />
    </doctype>
    <!-- facet tests -->
    <facet name="Fooable" /> <!-- no content -->
    <facet name="Aged">
      <schema name="age" />
    </facet>
    <facet name="WithFile">
      <schema name="file" />
    </facet>
    <facet name="WithFile2">
      <schema name="file" />
    </facet>
    <facet name="WithFiles">
      <schema name="files" />
    </facet>
    <doctype name="DocWithAge" extends="Document">
      <schema name="common" />
      <schema name="dublincore" />
      <facet name="Aged" />
    </doctype>
    <proxies>
      <schema name="info"/>
    </proxies>
  </extension>

  <extension target="org.nuxeo.ecm.core.schema.TypeService" point="deprecation">
    <property schema="test-properties" name="removedProperty" fallback="removedPropertyFallback" />
  </extension>

</component>
