<?xml version="1.0"?>
<component name="org.nuxeo.ecm.core.io.download.DownloadService.test.url.redirect">

  <extension target="org.nuxeo.runtime.ConfigurationService" point="configuration">
    <property name="org.nuxeo.download.url.follow.redirect">true</property>
  </extension>

</component>
