<?xml version="1.0"?>
<component name="org.nuxeo.ecm.core.storage.sql.tests.version.write.dublincore.forbidden">

  <extension target="org.nuxeo.ecm.core.schema.TypeService" point="configuration">
    <configuration>
      <allowVersionWriteForDublinCore>false</allowVersionWriteForDublinCore>
    </configuration>
  </extension>

</component>
