<?xml version="1.0"?>
<component name="org.nuxeo.ecm.core.blob.test-blob-dispatcher-fulltext" version="1.0.0">
  <extension target="org.nuxeo.ecm.core.blob.BlobManager" point="configuration">
    <blobprovider name="fulltext">
      <class>org.nuxeo.ecm.core.blob.LocalBlobProvider</class>
      <property name="path">fulltext</property>
    </blobprovider>
  </extension>
  <extension target="org.nuxeo.ecm.core.blob.DocumentBlobManager" point="configuration">
    <blobdispatcher>
      <property name="blob:xpath=ecm:fulltextBinary">fulltext</property>
      <property name="default">test</property>
    </blobdispatcher>
  </extension>
</component>
