<?xml version="1.0"?>
<component name="org.nuxeo.ecm.core.blob.test-blob-gc-same-storage" version="1.0.0">
  <extension target="org.nuxeo.ecm.core.blob.BlobManager" point="configuration">
    <blobprovider name="first">
      <class>org.nuxeo.ecm.core.blob.LocalBlobProvider</class>
      <property name="path">shared</property>
    </blobprovider>
    <blobprovider name="second">
      <class>org.nuxeo.ecm.core.blob.LocalBlobProvider</class>
      <property name="path">shared</property>
    </blobprovider>
  </extension>
  <extension target="org.nuxeo.ecm.core.blob.DocumentBlobManager" point="configuration">
    <blobdispatcher>
      <class>org.nuxeo.ecm.core.blob.DefaultBlobDispatcher</class>
      <property name="dc:source=first">first</property>
      <property name="dc:source=second">second</property>
      <property name="default">test</property>
    </blobdispatcher>
  </extension>
</component>
