<?xml version="1.0"?>
<component name="org.nuxeo.ecm.core.storage.sql.test.repo.override.indexing">
  <extension target="org.nuxeo.ecm.core.storage.sql.RepositoryService"
    point="repository">
    <repository name="test">
      <indexing>
        <fulltext fieldSizeLimit="1024">
          <index name="binaries">
            <fieldType>blob</fieldType>
          </index>
          <index name="nofile1">
            <excludeField>file:content</excludeField>
          </index>
          <index name="nofile2">
            <excludeField>content</excludeField> <!-- no prefix -->
          </index>
          <index name="nofile3">
            <excludeField>file:content/data</excludeField> <!-- added /data -->
          </index>
          <index name="nofile4">
            <excludeField>content/data</excludeField> <!-- no prefix and added /data -->
          </index>
        </fulltext>
      </indexing>
    </repository>
  </extension>
</component>
