<?xml version="1.0"?>
<component name="org.nuxeo.ecm.core.io.download.DownloadService.test.permissions">

  <extension target="org.nuxeo.ecm.core.io.download.DownloadService" point="permissions">
    <permission name="myperm">
      <script>
        function run() {
          if (CurrentUser.getName() != "bob") {
            return false;
          }
          if (!CurrentUser.getGroups().contains("members")) {
            return false;
          }
          if (Document.getPropertyValue("dc:format") != "pdf") {
            return false;
          }
          if (Reason != "rendition") {
            return false;
          }
          if (Rendition != "myrendition") {
            return false;
          }
          if (Blob.getFilename() != "myfile.txt") {
            return false;
          }
          if (XPath == "file:content" || XPath == "blobholder:0") {
            return false;
          }
          return true;
        }
      </script>
    </permission>
  </extension>

</component>
