<?xml version="1.0"?>
<component name="org.nuxeo.ecm.core.storage.sql.tests.repo.core-types">

  <extension target="org.nuxeo.ecm.core.schema.TypeService" point="schema">
    <schema name="validationSample" src="schemas/validationSample.xsd" prefix="vs" />
  </extension>

  <extension target="org.nuxeo.ecm.core.schema.TypeService" point="doctype">
    <doctype name="ValidatedUserGroup" extends="Document">
      <schema name="validationSample" />
    </doctype>
  </extension>

  <extension target="org.nuxeo.ecm.core.api.DocumentValidationService" point="activations">
    <validation context="createDocument" activated="false" />
    <validation context="saveDocument" activated="false" />
    <validation context="importDocument" activated="false" />
  </extension>

  <extension target="org.nuxeo.ecm.core.schema.ObjectResolverService" point="resolvers">
    <resolver type="dummyResolver" class="org.nuxeo.ecm.core.api.validation.DummyResolverForValidation" />
  </extension>

</component>
