<?xml version="1.0"?>
<component name="org.nuxeo.ecm.core.test.tests.import.document.types">

  <extension target="org.nuxeo.ecm.core.schema.TypeService" point="schema">
    <schema name="removed" src="schemas/removed.xsd" />
    <property schema="removed" name="removed" deprecation="removed" />
    <property schema="removed" name="scalarRenamed" deprecation="removed" fallback="scalar" />
    <property schema="removed" name="complexRenamed" deprecation="removed" fallback="complex" />
    <property schema="removed" name="scalarsRenamed" deprecation="removed" fallback="scalars" />
    <property schema="removed" name="complexesRenamed" deprecation="removed" fallback="complexes" />
    <property schema="removed" name="complexes/*/scalarRenamed" deprecation="removed" fallback="complexes/*/scalar" />
    <property schema="removed" name="complex/scalarMoved" deprecation="removed" fallback="scalar" />
    <property schema="removed" name="scalarMoved" deprecation="removed" fallback="complex/scalar" />
    <property schema="removed" name="blobnameMoved" deprecation="removed" fallback="blob/name" />
  </extension>

  <extension target="org.nuxeo.ecm.core.schema.TypeService" point="doctype">
    <doctype name="Removed" extends="Document">
      <schema name="dublincore"/>
      <schema name="removed" />
    </doctype>
  </extension>

</component>
