<?xml version="1.0"?>
<component name="org.nuxeo.ecm.platform.preview.zip.test">

  <extension target="org.nuxeo.runtime.ConfigurationService" point="configuration">
    <property name="nuxeo.preview.zip.enabled">true</property>
  </extension>

</component>
