<?xml version="1.0"?>
<component name="org.nuxeo.ecm.core.blob.local-record" version="1.0.0">
  <extension target="org.nuxeo.ecm.core.blob.BlobManager" point="configuration">
    <blobprovider name="test">
      <class>org.nuxeo.ecm.core.blob.LocalBlobProvider</class>
      <property name="path">test</property>
      <property name="record">true</property>
    </blobprovider>
    <blobprovider name="other">
      <class>org.nuxeo.ecm.core.blob.LocalBlobProvider</class>
      <property name="path">other</property>
      <property name="record">true</property>
    </blobprovider>
  </extension>
</component>
