<?xml version="1.0"?>
<component name="org.nuxeo.ecm.core.api.test.deprecated-type">

  <extension target="org.nuxeo.ecm.core.schema.TypeService" point="schema">
    <schema name="core-types" src="schemas/core-types.xsd" />
    <schema name="common" src="schemas/common.xsd" />
    <schema name="file" src="schemas/file.xsd" />
    <schema name="deprecated" src="schemas/deprecated.xsd" />
  </extension>

  <extension target="org.nuxeo.ecm.core.schema.TypeService" point="doctype">
    <doctype name="File" extends="Document">
      <schema name="common" />
      <schema name="file" />
      <schema name="deprecated" />
    </doctype>
  </extension>

  <extension target="org.nuxeo.ecm.core.schema.TypeService" point="deprecation">
    <property schema="deprecated" name="scalar" deprecated="true" />
    <property schema="deprecated" name="scalars" deprecated="true" />
    <property schema="deprecated" name="complexDep" deprecated="true" />
    <property schema="deprecated" name="complex/scalar" deprecated="true" />
    <property schema="deprecated" name="scalar2scalar" fallback="scalarfallback" deprecated="true" />
    <property schema="deprecated" name="scalar2complex" fallback="complexfallback/scalar" deprecated="true" />
    <property schema="deprecated" name="complex2complex" fallback="complexfallback" deprecated="true" />
  </extension>

</component>
