<?xml version="1.0"?>
<component name="org.nuxeo.ecm.core.api.test.removed-type">

  <extension target="org.nuxeo.ecm.core.schema.TypeService" point="schema">
    <schema name="core-types" src="schemas/core-types.xsd" />
    <schema name="common" src="schemas/common.xsd" />
    <schema name="file" src="schemas/file.xsd" />
    <schema name="removed" src="schemas/removed.xsd" />
    <property schema="removed" name="scalar" deprecation="removed" />
    <property schema="removed" name="complexRem" deprecation="removed" />
    <property schema="removed" name="complex/scalar" deprecation="removed" />
    <property schema="removed" name="scalar2scalar" fallback="scalarfallback" deprecation="removed" />
    <property schema="removed" name="scalar2complex" fallback="complexfallback/scalar" deprecation="removed" />
    <property schema="removed" name="complex2complex" fallback="complexfallback" deprecation="removed" />
    <property schema="removed" name="list/*/renamed" fallback="list/*/scalar" deprecation="removed" />
    <property schema="removed" name="blobnameRem" fallback="blobfallback/name" deprecation="removed" />
    <property schema="file" name="filename" fallback="content/name" deprecation="removed" />
  </extension>

  <extension target="org.nuxeo.ecm.core.schema.TypeService" point="doctype">
    <doctype name="File" extends="Document">
      <schema name="common" />
      <schema name="file" />
      <schema name="removed" />
    </doctype>
  </extension>

</component>
