<?xml version="1.0"?>
<component name="org.nuxeo.ecm.core.blob.provider.test-fs.override" version="1.0.0">
  <extension target="org.nuxeo.ecm.core.blob.BlobManager" point="configuration">
    <blobprovider name="testfs">
      <property name="preventUserUpdate">false</property>
    </blobprovider>
  </extension>
</component>
