<?xml version="1.0"?>
<component name="org.nuxeo.ecm.core.blob.provider.test-fs" version="1.0.0">
  <extension target="org.nuxeo.ecm.core.blob.BlobManager" point="configuration">
    <blobprovider name="testfs">
      <class>org.nuxeo.ecm.core.blob.FilesystemBlobProvider</class>
      <property name="root">/</property>
    </blobprovider>
  </extension>
</component>
