<?xml version="1.0"?>
<component name="org.nuxeo.ecm.faceted.tag.tests.versioning">
  <extension target="org.nuxeo.ecm.core.api.versioning.VersioningService" point="policies">
    <policy id="note-policy" increment="MINOR" order="50">
      <filter-id>note-filter</filter-id>
    </policy>
  </extension>

  <extension target="org.nuxeo.ecm.core.api.versioning.VersioningService" point="filters">
    <filter id="note-filter">
      <type>TestNote</type>
    </filter>
  </extension>
</component>
