<?xml version="1.0"?>
<component name="org.nuxeo.ecm.faceted.tag.tests.core-types">

  <extension target="org.nuxeo.ecm.core.schema.TypeService" point="schema">
    <schema name="testschema" src="schemas/testschema.xsd" prefix="test" />
  </extension>

  <extension target="org.nuxeo.ecm.core.schema.TypeService" point="doctype">
    <doctype name="TestNote" extends="Note">
      <schema name="testschema" />
    </doctype>
  </extension>

</component>
