<?xml version="1.0"?>
<component name="org.nuxeo.ecm.platform.importer.xml.parser.ImporterComponent.test">

  <extension target="org.nuxeo.ecm.platform.importer.xml.parser.XMLImporterComponent" point="documentMapping">

    <docConfig tagName="seance">
      <docType>Workspace</docType>
      <name>@IdSeance</name>
    </docConfig>

    <docConfig tagName="dossierActe">
      <docType>Folder</docType>
      <name>Acte-{{@idActe}}</name>
      <parent><![CDATA[ #{nodes = currentElement.selectNodes('@refSeance');
                        if (nodes.size()>0) {
                          String seanceRef = nodes.get(0).getText();
                          String parentRef = '//seance[@idSeance=\"' + seanceRef + '\"]';
                          return xml.selectNodes(parentRef).get(0);
                        } else {
                          return root.getPathAsString();
                        }}]]>
      </parent>
    </docConfig>

    <docConfig tagName="document">
      <docType>File</docType>
      <name>@nom</name>
      <parent>..</parent>
    </docConfig>

  </extension>

  <extension target="org.nuxeo.ecm.platform.importer.xml.parser.XMLImporterComponent" point="attributeMapping">

    <attributeConfig tagName="titre" docProperty="dc:title" xmlPath="text()" />
    <attributeConfig tagName="dossierActe" docProperty="dc:source"
      xmlPath="#{'Seance ' + currentDocument.name}" />
    <attributeConfig tagName="document" docProperty="dc:title" xmlPath="@nom" />
    <attributeConfig tagName="document" docProperty="dc:source" xmlPath="@type" />

    <attributeConfig tagName="signature" docProperty="dc:format" xmlPath="@formatSignature" />

    <attributeConfig tagName="document" docProperty="file:content">
      <mapping documentProperty="filename">@nom</mapping>
      <mapping documentProperty="mimetype">mimetype/text()</mapping>
      <mapping documentProperty="content">@nom</mapping>
    </attributeConfig>

  </extension>

</component>
