<?xml version="1.0"?>
<component name="org.nuxeo.ecm.core.versioning.test.document-type">

  <extension target="org.nuxeo.ecm.core.schema.TypeService" point="doctype">

    <facet name="Note3Facet" />

    <doctype name="Note2" extends="Document">
      <schema name="common"/>
      <schema name="uid"/>
      <schema name="dublincore"/>
      <facet name="Versionable"/>
      <facet name="Publishable"/>
      <facet name="Commentable"/>
      <facet name="HasRelatedText"/>
    </doctype>

    <doctype name="Note3" extends="Document">
      <schema name="common"/>
      <schema name="uid"/>
      <schema name="dublincore"/>
      <facet name="Versionable"/>
      <facet name="Publishable"/>
      <facet name="Commentable"/>
      <facet name="HasRelatedText"/>
      <facet name="Note3Facet" />
    </doctype>

    <doctype name="Note4" extends="Document">
      <schema name="common"/>
      <schema name="uid"/>
      <schema name="dublincore"/>
      <facet name="Versionable"/>
      <facet name="Publishable"/>
      <facet name="Commentable"/>
      <facet name="HasRelatedText"/>
      <facet name="SystemDocument" />
    </doctype>

  </extension>

</component>
