<?xml version="1.0"?>
<component name="org.nuxeo.ecm.core.versioning.test.document-type">

  <extension target="org.nuxeo.ecm.core.schema.TypeService" point="doctype">
    <doctype name="Note2" extends="Document">
      <schema name="common"/>
      <schema name="uid"/>
      <schema name="dublincore"/>
      <facet name="Versionable"/>
      <facet name="Publishable"/>
      <facet name="Commentable"/>
      <facet name="HasRelatedText"/>
    </doctype>
  </extension>

  <extension target="org.nuxeo.ecm.core.lifecycle.LifeCycleService" point="types">
    <types>
      <type name="Note2">default</type>
    </types>
  </extension>

</component>
