<?xml version="1.0"?>
<component name="org.nuxeo.ecm.core.versioning.test.always-minor">

  <extension target="org.nuxeo.ecm.core.api.versioning.VersioningService" point="restrictions">
    <restriction type="*">
      <options lifeCycleState="*">
        <option>MAJOR</option>
      </options>
    </restriction>
  </extension>

</component>
