<?xml version="1.0"?>
<component name="org.nuxeo.ecm.core.versioning.test.always-minor">

  <extension target="org.nuxeo.ecm.core.api.versioning.VersioningService" point="policies">
    <policy id="always-minor" increment="MINOR" />
  </extension>

</component>
