<?xml version="1.0"?>
<component name="org.nuxeo.ecm.core.versioning.test.nooptions">

  <extension target="org.nuxeo.ecm.core.api.versioning.VersioningService"
    point="versioningRules">
    <versioningRule typeName="File">
      <options lifeCycleState="*" />
    </versioningRule>
  </extension>

</component>
