<?xml version="1.0"?>
<component name="org.nuxeo.ecm.core.versioning.test.custom-filter">

  <extension target="org.nuxeo.ecm.core.api.versioning.VersioningService" point="policies">
    <policy id="custom-filter" increment="MINOR">
      <filter-id>standard</filter-id>
    </policy>
  </extension>

  <extension target="org.nuxeo.ecm.core.api.versioning.VersioningService" point="filters">
    <filter id="standard">
      <schema>file</schema>
    </filter>
  </extension>

</component>
