<?xml version="1.0" encoding="UTF-8"?>
<component name="org.nuxeo.ecm.platform.restapi.server.routing.test.task.action" version="1.0.0">

  <extension target="org.nuxeo.ecm.core.schema.TypeService" point="schema">
    <schema name="var_confirm-20200527183138945-start-node" prefix="var_confirm-20200527183138945-start-node" override="true" src="task-request-unmarshalling/schemas/var_confirm-20200527183138945-start-node.xsd"/>
    <schema name="var_confirm-20200527183138946-stop-node" prefix="var_confirm-20200527183138946-stop-node" override="true" src="task-request-unmarshalling/schemas/var_confirm-20200527183138946-stop-node.xsd"/>
    <schema name="var_global_confirm-20200527183230146-approve-task" prefix="var_global_confirm-20200527183230146-approve-task" override="true" src="task-request-unmarshalling/schemas/var_global_confirm-20200527183230146-approve-task.xsd"/>
    <schema name="var_confirm-20200527183230146-approve-task" prefix="var_confirm-20200527183230146-approve-task" override="true" src="task-request-unmarshalling/schemas/var_confirm-20200527183230146-approve-task.xsd"/>
    <schema name="var_confirm" prefix="var_confirm" override="true" src="task-request-unmarshalling/schemas/var_confirm.xsd"/>
  </extension>

  <extension target="org.nuxeo.ecm.core.schema.TypeService" point="doctype">
    <facet name="facet-var_confirm-20200527183138945-start-node">
      <schema name="var_confirm-20200527183138945-start-node"/>
    </facet>
    <facet name="facet-var_confirm-20200527183138946-stop-node">
      <schema name="var_confirm-20200527183138946-stop-node"/>
    </facet>
    <facet name="facet-var_global_confirm-20200527183230146-approve-task">
      <schema name="var_global_confirm-20200527183230146-approve-task"/>
    </facet>
    <facet name="facet-var_confirm-20200527183230146-approve-task">
      <schema name="var_confirm-20200527183230146-approve-task"/>
    </facet>
    <facet name="facet-var_confirm">
      <schema name="var_confirm"/>
    </facet>
  </extension>

  <extension target="org.nuxeo.ecm.platform.routing.service" point="routeModelImporter">
    <template-resource id="confirm" path="task-request-unmarshalling/routes/confirm.zip"/>
  </extension>

  <extension target="org.nuxeo.ecm.core.operation.OperationServiceComponent" point="chains">
    <chain id="wf_confirm_setVariable">
      <operation id="Context.FetchDocument"/>
      <operation id="Context.SetWorkflowVar">
        <param type="string" name="name">assignees</param>
        <param type="object" name="value">expr:['group:administrators']</param>
      </operation>
    </chain>
  </extension>

</component>
