<?xml version="1.0"?>
<component name="org.nuxeo.ecm.platform.thumbnail.doctype.test">

  <extension target="org.nuxeo.ecm.core.schema.TypeService"
      point="doctype">
    <doctype name="MyDocType" extends="Document">
      <schema name="common"/>
      <schema name="dublincore"/>
      <schema name="uid"/>
      <facet name="Downloadable"/>
    </doctype>
  </extension>

  <extension target="org.nuxeo.ecm.platform.types.TypeService" point="types">
    <type id="MyDocType">
      <label>My Doc Type</label>
      <icon>/icons/mydoc.gif</icon>
      <bigIcon>/icons/mydoc_100.png</bigIcon>
    </type>
  </extension>

</component>