<?xml version="1.0"?>
<component name="org.nuxeo.ecm.virtualnavigation.tagsContrib">

  <extension target="org.nuxeo.ecm.webapp.tree.nav.NavTreeService"
    point="navigationTree">

    <navTree treeId="TAG_CLOUD" xhtmlview="/incl/tag_cloud.xhtml"
      treeLabel="my cloud" />

  </extension>

</component>
