<?xml version="1.0"?>
<component name="org.nuxeo.ecm.webapp.schema.contrib.test">

  <extension target="org.nuxeo.ecm.core.schema.TypeService"
    point="schema">
    <schema name="group" src="schemas/group.xsd" />
  </extension>

</component>
