<?xml version="1.0"?>
<component name="org.nuxeo.ecm.core.convert.plugins.test">

  <require>org.nuxeo.ecm.core.convert.plugins</require>

  <extension
    target="org.nuxeo.ecm.core.convert.service.ConversionServiceImpl"
    point="converter">

    <converter name="xlx2text">
      <parameters>
        <parameter name="MAX_SIZE">1024</parameter>
      </parameters>
    </converter>

  </extension>

</component>
