<?xml version="1.0" encoding="UTF-8"?>
<component name="org.nuxeo.ecm.platform.audit.tests.audit.bulker" version="1.0">
  <require>org.nuxeo.ecm.platform.audit.service.NXAuditEventsService</require>

  <extension target="org.nuxeo.ecm.core.event.EventServiceComponent"
             point="listener">
    <!-- Override the audit listener with former listener-->
    <listener name="auditLoggerListener" async="false"
              class="org.nuxeo.ecm.platform.audit.listener.AuditEventLogger" />

  </extension>

</component>
