<?xml version="1.0" encoding="UTF-8"?>
<component name="org.nuxeo.ecm.platform.audit.tests.stream.audit" version="1.0">
  <require>org.nuxeo.runtime.stream.service</require>
  <require>org.nuxeo.ecm.platform.audit.service.NXAuditEventsService</require>

  <!-- New sync lister based on Nuxeo stream since 9.3 -->
  <extension target="org.nuxeo.ecm.core.event.EventServiceComponent" point="listener">
    <!-- Override the audit listener with our sync impl -->
    <listener name="auditLoggerListener" async="false" postCommit="false" priority="500"
      class="org.nuxeo.ecm.platform.audit.listener.StreamAuditEventListener" />
  </extension>

  <extension target="org.nuxeo.runtime.stream.service" point="logConfig">
    <logConfig name="audit" type="${nuxeo.test.stream}" />
  </extension>

  <extension target="org.nuxeo.runtime.stream.service" point="streamProcessor">
    <streamProcessor name="auditLogWriter" logConfig="audit" defaultConcurrency="1" defaultPartitions="1"
      class="org.nuxeo.ecm.platform.audit.impl.StreamAuditWriter">
      <policy name="AuditLogWriter" maxRetries="3" delay="1ms" maxDelay="1s" batchCapacity="10" batchThreshold="50ms" />
    </streamProcessor>
  </extension>

</component>
