<?xml version="1.0"?>
<component name="org.nuxeo.directory.test.sql">

  <extension target="org.nuxeo.runtime.datasource" point="datasources">
    <datasource name="jdbc/nxsqldirectory" driverClassName="${nuxeo.test.vcs.driver}"
                url="${nuxeo.test.vcs.url}" username="${nuxeo.test.vcs.user}" password="${nuxeo.test.vcs.password}"
                maxPoolSize="20" minPoolSize="5"/>
  </extension>

  <extension target="org.nuxeo.ecm.directory.sql.SQLDirectoryFactory" point="directories">

    <directory name="template-directory" template="true">
      <dataSource>java:/nxsqldirectory</dataSource>
      <createTablePolicy>on_missing_columns</createTablePolicy>
    </directory>

    <directory name="template-user" template="true" extends="template-directory">
      <table>users</table>
      <computeMultiTenantId>false</computeMultiTenantId>
    </directory>

    <directory name="template-group" template="true" extends="template-directory">
      <table>groups</table>
    </directory>

  </extension>

</component>
