<?xml version="1.0"?>
<component name="org.nuxeo.ecm.core.storage.sql.test.repo.repository">
  <extension target="org.nuxeo.runtime.datasource"
    point="datasources">

    <datasource name="jdbc/${nuxeo.test.vcs.database}" driverClassName="${nuxeo.test.vcs.driver}"
        maxPoolSize="30" minPoolSize="5" blockingTimeoutMillis="10000">
      <property name="url">${nuxeo.test.vcs.url}</property>
      <property name="username">${nuxeo.test.vcs.user}</property>
      <property name="password">${nuxeo.test.vcs.password}</property>
    </datasource>

    <link name="jdbc/repository_test" global="jdbc/${nuxeo.test.vcs.database}"/>

  </extension>
  <extension target="org.nuxeo.ecm.core.storage.sql.RepositoryService"
    point="repository">
    <repository name="test">
      <changeTokenEnabled>${nuxeo.test.changetoken.enabled}</changeTokenEnabled>
      <schema>
        <field type="largetext">note</field>
        <field type="largetext">relatedtext</field>
      </schema>
      <indexing>
        <neverPerDocumentFacets>
          <facet>NotPerDocFacet</facet>
        </neverPerDocumentFacets>
        <fulltext disabled="${nuxeo.test.fulltext.disabled}"
                  storedInBlob="${nuxeo.test.fulltext.storedInBlob}"
                  searchDisabled="${nuxeo.test.fulltext.search.disabled}">
          <index> <!-- name="default" implied -->
            <!-- all props implied -->
          </index>
          <index name="title">
            <field>dc:title</field>
          </index>
        </fulltext>
      </indexing>
      <xa-datasource>com.mysql.jdbc.jdbc2.optional.MysqlXADataSource</xa-datasource>
      <property name="URL">${nuxeo.test.vcs.url}</property>
      <property name="User">${nuxeo.test.vcs.user}</property>
      <property name="Password">${nuxeo.test.vcs.password}</property>
    </repository>
  </extension>
</component>
