<?xml version="1.0"?>
<component name="org.nuxeo.runtime.stream.tests.service.contrib">

  <extension point="logConfig" target="org.nuxeo.runtime.stream.service">

    <logConfig name="default" type="kafka">
      <option name="kafkaConfig">default</option>
      <log name="foo" size="10" />
    </logConfig>

    <logConfig name="work" type="kafka">
      <option name="kafkaConfig">default</option>
    </logConfig>

    <logConfig name="import" type="kafka">
      <option name="kafkaConfig">default</option>
    </logConfig>

  </extension>

</component>
