<?xml version="1.0"?>
<repository name="foo">
  <pool minPoolSize="1" maxPoolSize="2"
    blockingTimeoutMillis="3" idleTimeoutMinutes="4" />
  <clustering delay="1234" />
  <sqlInitFile>file1</sqlInitFile>
  <sqlInitFile>file2</sqlInitFile>
  <schema>
    <field type="biig">my:bignote</field> <!-- old syntax -->
    <field name="foo" type="xyz" /> <!-- new syntax -->
    <field name="bar" type="bartype" table="bartable" column="barcol" />
  </schema>
  <indexing>
    <excludedTypes>
      <type>Folder</type>
      <type>Workspace</type>
    </excludedTypes>
    <includedTypes>
      <type>Note</type>
      <type>File</type>
    </includedTypes>
    <fulltext catalog="nuxeo" analyzer="french">
      <index>
        <!-- fieldType for all implied -->
        <excludeField>dc:creator</excludeField>
      </index>
      <index name="titraille">
        <field>dc:title</field>
        <field>dc:description</field>
      </index>
      <index name="blobs">
        <fieldType>blob</fieldType>
        <excludeField>foo:bar</excludeField>
      </index>
      <index name="pictures">
        <field>picture:views/*/filename</field>
      </index>
    </fulltext>
  </indexing>
</repository>
