<?xml version="1.0"?>
<repository name="foo">
  <pool minPoolSize="111" maxPoolSize="222" />
  <sqlInitFile>file3</sqlInitFile>
  <schema>
    <field type="other">my:bignote</field>
    <field type="abc">def</field>
    <field name="bar" type="bartype2" table="bartable2" column="barcol2" />
  </schema>
  <indexing>
    <excludedTypes>
      <type>OtherExcluded</type>
    </excludedTypes>
    <includedTypes>
      <type>OtherIncluded</type>
    </includedTypes>
    <fulltext analyzer="english">
      <index name="titraille">
        <field>my:desc</field>
      </index>
      <index name="pictures" />
      <index name="other">
        <field>my:other</field>
      </index>
    </fulltext>
  </indexing>
</repository>
