<?xml version="1.0"?>
<component
    name="org.nuxeo.ecm.platform.content.template.service.ContentTemplateService.defaultContrib">

  <extension
      target="org.nuxeo.ecm.platform.content.template.service.ContentTemplateService"
      point="factory">

    <contentFactory
        name="SimpleTemplateFactory"
        class="org.nuxeo.ecm.platform.content.template.factories.SimpleTemplateBasedFactory"/>

    <contentFactory
        name="ImportFactory"
        class="org.nuxeo.ecm.platform.content.template.factories.ImportBasedFactory"/>

  </extension>

  <extension
      target="org.nuxeo.ecm.platform.content.template.service.ContentTemplateService"
      point="factoryBinding">

    <factoryBinding name="RootFactory" factoryName="SimpleTemplateFactory" targetType="Root">
      <acl>
        <ace granted="true" permission="Everything" principal="Administrator"/>
        <ace granted="true" permission="Dream" principal="Danny"/>
      </acl>
      <template>
        <templateItem typeName="Domain" id="default" title="defaut domain"
                      description="Nuxeo5 default domain"/>
      </template>
    </factoryBinding>

    <factoryBinding name="DomainFactory" factoryName="SimpleTemplateFactory" targetType="Domain">
      <template>
        <templateItem typeName="WorkspaceRoot" id="Workspaces" title="Workspaces"
                      description="Workspaces"/>
        <templateItem typeName="SectionRoot" id="Sections" title="Sections" description="Sections"/>
        <templateItem typeName="TemplateRoot" id="Templates" title="Templates"
                      description="Root of workspaces templates"/>
        <templateItem typeName="Section" id="Section" title="Section" path="Sections"
                      description="Section created in SectionRoot"/>
      </template>
    </factoryBinding>

    <factoryBinding name="WorkspaceFactory" factoryName="SimpleTemplateFactory"
                     targetType="Workspace">
      <template>
        <templateItem typeName="Folder" id="Folder1" title="Folder1" description="First Folder">
          <properties>
            <property xpath="dublincore:creator" value="Administrator"/>
            <property xpath="dublincore:coverage" value="coverage"/>
          </properties>
        </templateItem>
        <templateItem typeName="Folder" id="Secret_Folder" title="Secret Folder"
                      description="Secret Folder">
          <acl>
            <ace granted="true" permission="Everything" principal="Administrator"/>
            <ace granted="false" permission="Everything" principal="Everyone"/>
          </acl>
          <notifications>
            <notification event="Modification">
              <user>jdoe</user>
              <user>bree</user>
              <group>members</group>
              </notification>
            <notification event="Creation">
              <group>members</group>
            </notification>
          </notifications>
        </templateItem>
        <templateItem typeName="Folder" id="Folder2" title="Folder2" description="Second Folder"/>
      </template>
    </factoryBinding>

   <factoryBinding name="SuperSpaceFactory" factoryName="SimpleTemplateFactory" targetFacet="SuperSpace">
      <acl>
        <ace granted="true" permission="Everything" principal="Administrator"/>
        <ace granted="true" permission="Dream" principal="Danny"/>
      </acl>
      <template>
        <templateItem typeName="Folder" id="FacetFolder" title="FacetFolder"
                      description="folder created by facetFactories"/>
      </template>
    </factoryBinding>

  </extension>

</component>
