<?xml version="1.0"?>
<component name="org.nuxeo.ecm.platform.types.local.configuration.test">

  <require>org.nuxeo.ecm.core.CoreExtensions</require>

  <extension target="org.nuxeo.ecm.core.schema.TypeService"
      point="doctype">
    <doctype name="Workspace" extends="Folder">
      <schema name="file"/>
      <schema name="webcontainer"/>
      <schema name="publishing"/>
      <schema name="files" />
      <facet name="SuperSpace"/>
      <facet name="UITypesLocalConfiguration"/>
    </doctype>
  </extension>

</component>
