<component name="org.nuxeo.ecm.core.test.retainable.schema">

  <extension target="org.nuxeo.ecm.core.schema.TypeService" point="schema">
    <schema name="complexFiles" prefix="cf" src="schema/complexFiles.xsd" />
    <property schema="complexFiles" name="files/*/file" retainable="true" />
    <property schema="complexFiles" name="complexList/*/dataList/*/file" retainable="true" />
  </extension>

</component>
