<?xml version="1.0"?>
<component name="org.nuxeo.ecm.core.storage.sql.tests.repo.core-types">

  <extension target="org.nuxeo.ecm.core.schema.TypeService" point="schema">
    <schema name="core-types" src="schemas/core-types.xsd"/>
    <schema name="file" src="schemas/file.xsd"/>
    <schema name="complexschema" src="schemas/complexschema.xsd"  prefix="cmpf" />
    <schema name="dynamicschema" src="schemas/dynamicschema.xsd"  prefix="dyn" />
  </extension>

  <extension target="org.nuxeo.ecm.core.schema.TypeService" point="doctype">
    <doctype name="ComplexDoc" extends="Document">
      <schema name="file" />
      <schema name="complexschema" />
    </doctype>
    <facet name="DynamicFacet">
      <schema name="dynamicschema" />
    </facet>
  </extension>

</component>
