<?xml version="1.0"?>
<component name="org.nuxeo.ecm.core.blob.TestDefaultBlobProvider">
  <extension target="org.nuxeo.ecm.core.blob.BlobManager" point="configuration">
    <blobprovider name="repo">
      <class>org.nuxeo.ecm.core.blob.binary.DefaultBinaryManager</class>
    </blobprovider>
  </extension>
</component>
