<?xml version="1.0"?>
<component name="org.nuxeo.ecm.core.blob.in-memory-tx" version="1.0.0">
  <extension target="org.nuxeo.ecm.core.blob.BlobManager" point="configuration">
    <blobprovider name="test">
      <class>org.nuxeo.ecm.core.blob.InMemoryBlobProvider</class>
      <property name="transactional">true</property>
    </blobprovider>
    <blobprovider name="other">
      <class>org.nuxeo.ecm.core.blob.InMemoryBlobProvider</class>
    </blobprovider>
  </extension>
</component>
