<component name="org.nuxeo.rest.management.jwt.test">

  <extension target="org.nuxeo.ecm.jwt.JWTService" point="configuration">
    <configuration>
      <secret>abracadabra</secret>
    </configuration>
  </extension>

</component>
