<?xml version="1.0"?>
<component name="org.nuxeo.core.tests.types.multiResolved">
  <!-- used by org.nuxeo.ecm.restapi.test.DocWithMultiResolvedFieldTest -->

  <extension target="org.nuxeo.ecm.core.schema.TypeService" point="schema">
    <schema name="multiResolved" prefix="mr" src="schemas/multiResolved.xsd" />
  </extension>

  <extension target="org.nuxeo.ecm.core.schema.TypeService" point="doctype">
    <doctype name="MultiResolved" extends="Document">
      <schema name="dublincore"/>
      <schema name="multiResolved" />
    </doctype>
  </extension>

</component>
