<?xml version="1.0"?>
<component name="org.nuxeo.rest.api.listener.test.incorrect.contrib">

  <extension target="org.nuxeo.ecm.core.operation.OperationServiceComponent" point="event-handlers">
    <handler chainId="testChain">
      <event>documentCreated</event>
      <filters>
        <doctype>TestIncorectListener</doctype>
        <attribute>Regular Document</attribute>
      </filters>
    </handler>
  </extension>
  <extension target="org.nuxeo.ecm.core.operation.OperationServiceComponent" point="chains">
    <chain id="testChain">
      <operation id="Context.FetchDocument"/>
      <operation id="Document.SetProperty">
        <param type="string" name="xpath">test:test</param>
        <param type="boolean" name="save">true</param>
        <param type="serializable" name="value">toto</param>
      </operation>
    </chain>
  </extension>

  <extension target="org.nuxeo.ecm.core.schema.TypeService" point="doctype">
    <doctype name="TestIncorectListener" extends="Document">
      <schema name="dublincore"/>
    </doctype>
  </extension>

</component>