<?xml version="1.0"?>
<component name="org.nuxeo.runtime.server.test.contrib2">

  <extension target="org.nuxeo.runtime.server" point="filter">

    <filter context="/">
      <filter-name>DummyFilter</filter-name>
      <filter-class>org.nuxeo.runtime.test.server.DummyFilter</filter-class>
      <filter-mapping>
        <url-pattern>/*</url-pattern>
      </filter-mapping>
      <init-param>
        <param-name>fontsize</param-name>
        <param-value>14</param-value>
      </init-param>
    </filter>

  </extension>

</component>
