<?xml version="1.0"?>
<component name="org.nuxeo.ecm.automation.core.operations.users.suggestion.fullname.disabled.test">

  <require>org.nuxeo.ecm.automation.core.operations.users.suggestion</require>

  <extension target="org.nuxeo.runtime.ConfigurationService" point="configuration">
    <property name="org.nuxeo.automation.user.suggest.fullname">false</property>
  </extension>

</component>
