<?xml version="1.0"?>
<component name="org.nuxeo.ecm.core.automation.test-vocabularies">

  <require>org.nuxeo.ecm.core.CoreExtensions</require>

  <extension target="org.nuxeo.ecm.core.schema.TypeService" point="doctype">
    <doctype name="Workspace" extends="Folder">
      <facet name="SuperSpace"/>
      <facet name="DirectoryLocalConfiguration"/>
    </doctype>
  </extension>

  <extension target="org.nuxeo.ecm.directory.GenericDirectory" point="directories">

    <directory name="continent" extends="template-directory">
      <schema>vocabulary</schema>
      <idField>id</idField>
      <autoincrementIdField>false</autoincrementIdField>
      <dataFile>testdirectorydata/continent.csv</dataFile>
      <createTablePolicy>on_missing_columns</createTablePolicy>
    </directory>

  </extension>

</component>
