<component name="org.nuxeo.ecm.core.automation.test-provider" version="1.0">

  <require>org.nuxeo.ecm.core.CoreExtensions</require>

  <extension target="org.nuxeo.ecm.platform.query.api.PageProviderService"
    point="providers">

    <coreQueryPageProvider name="simpleProviderTest1">
      <pattern>
        SELECT * FROM Document
      </pattern>
      <sort column="dc:title" ascending="true" />
      <pageSize>2</pageSize>
    </coreQueryPageProvider>

    <coreQueryPageProvider name="simpleProviderTest2">
      <pattern>
        SELECT * FROM Document where dc:title=?
      </pattern>
      <sort column="dc:title" ascending="true" />
      <pageSize>2</pageSize>
    </coreQueryPageProvider>

    <coreQueryPageProvider name="simpleProviderTest3">
      <pattern>
        SELECT * FROM Document where dc:title=? or dc:title=?
      </pattern>
      <sort column="dc:title" ascending="true" />
      <pageSize>2</pageSize>
    </coreQueryPageProvider>

    <coreQueryPageProvider name="namedParamProvider">
      <pattern>
        SELECT * FROM Document where dc:title=:parameter1
      </pattern>
      <sort column="dc:title" ascending="true" />
      <pageSize>2</pageSize>
    </coreQueryPageProvider>

    <coreQueryPageProvider name="namedParamProviderInvalid">
      <pattern>
        SELECT * FROM Document where dc:title=:foo
      </pattern>
      <sort column="dc:title" ascending="true" />
      <pageSize>2</pageSize>
    </coreQueryPageProvider>

    <coreQueryPageProvider name="namedParamProviderWithDoc">
      <searchDocumentType>NamedParamDoc</searchDocumentType>
      <pattern>
        SELECT * FROM Document where dc:title=:np:title
      </pattern>
      <sort column="dc:title" ascending="true" />
      <pageSize>2</pageSize>
    </coreQueryPageProvider>

    <coreQueryPageProvider name="namedParamProviderWithDocInvalid">
      <searchDocumentType>NamedParamDoc</searchDocumentType>
      <pattern>
        SELECT * FROM Document where dc:title=:foo
      </pattern>
      <sort column="dc:title" ascending="true" />
      <pageSize>2</pageSize>
    </coreQueryPageProvider>

    <coreQueryPageProvider name="namedParamProviderWithWhereClause">
      <whereClause>
        <predicate parameter="dc:title" operator="=">
          <field name="parameter1" />
        </predicate>
      </whereClause>
      <sort column="dc:title" ascending="true" />
      <pageSize>2</pageSize>
    </coreQueryPageProvider>

    <coreQueryPageProvider name="namedParamProviderWithWhereClauseWithDoc">
      <whereClause docType="NamedParamDoc">
        <predicate parameter="dc:title" operator="=">
          <field xpath="np:title" />
        </predicate>
      </whereClause>
      <sort column="dc:title" ascending="true" />
      <pageSize>2</pageSize>
    </coreQueryPageProvider>

    <coreQueryPageProvider name="namedParamProviderComplex">
      <searchDocumentType>NamedParamDoc</searchDocumentType>
      <whereClause>
        <predicate parameter="dc:title" operator="=">
          <field name="parameter1" />
        </predicate>
        <predicate parameter="ecm:isVersion" operator="=">
          <field xpath="np:isCheckedIn" />
        </predicate>
        <predicate parameter="dc:issued" operator="BETWEEN">
          <field xpath="np:dateMin" />
          <field xpath="np:dateMax" />
        </predicate>
      </whereClause>
      <sort column="dc:title" ascending="true" />
      <pageSize>2</pageSize>
    </coreQueryPageProvider>

    <genericPageProvider class="org.nuxeo.ecm.platform.query.nxql.CoreQueryAndFetchPageProvider" name="testPP">
      <property name="searchAllRepositories">true</property>
      <pattern quoteParameters="false">
        SELECT * FROM Document WHERE dc:created &gt; :mydate
      </pattern>
      <pageSize>50</pageSize>
    </genericPageProvider>

    <genericPageProvider class="org.nuxeo.ecm.platform.query.nxql.CoreQueryAndFetchPageProvider"
                         name="searchWithInOperatorAndQueryParams">
      <property name="searchAllRepositories">true</property>
      <pattern quoteParameters="false">
        SELECT * FROM Document WHERE ecm:mixinType != 'HiddenInNavigation'
        AND ecm:isVersion = 0
        AND ecm:isTrashed = 0
        AND dc:subjects IN (?)
      </pattern>
      <pageSize>50</pageSize>
    </genericPageProvider>

    <coreQueryPageProvider name="bulkPP">
      <pattern>
        SELECT * from ComplexDoc where ecm:parentId=?
      </pattern>
    </coreQueryPageProvider>
  </extension>

  <extension target="org.nuxeo.ecm.core.schema.TypeService" point="schema">
    <schema name="named_param" src="schemas/named_param.xsd" prefix="np" />
  </extension>

  <extension target="org.nuxeo.ecm.core.schema.TypeService" point="doctype">
    <doctype name="NamedParamDoc" extends="Document">
      <schema name="named_param" />
    </doctype>
  </extension>

</component>
