<?xml version="1.0"?>
<component name="org.nuxeo.ecm.core.storage.sql.tests.schema.longnames">
  <extension target="org.nuxeo.ecm.core.schema.TypeService" point="schema">
    <schema name="schema_with_reserved_field_name" src="schemas/withreservedfield.xsd"/>
  </extension>
  <extension target="org.nuxeo.ecm.core.schema.TypeService" point="doctype">
    <doctype name="DocReservedFieldName" extends="Document">
      <schema name="schema_with_reserved_field_name"/>
      <schema name="dublincore"/>
      <schema name="common"/>
      <schema name="uid"/>
    </doctype>
  </extension>
</component>
