<?xml version="1.0"?>
<component name="org.nuxeo.core.storage.sql.reserved.keywords.test">

    <extension target="org.nuxeo.ecm.core.schema.TypeService" point="schema">
        <schema name="rights" prefix="ri" src="schemas/rights.xsd" />
    </extension>

    <extension target="org.nuxeo.ecm.core.schema.TypeService" point="doctype">
        <doctype name="Rights" extends="Document">
            <schema name="rights" />
        </doctype>
    </extension>

</component>
