<?xml version="1.0"?>
<component name="org.nuxeo.test.ecm.user.registration.core.types.contrib">

  <require>org.nuxeo.ecm.user.registration.core.service.contrib</require>

  <extension target="org.nuxeo.ecm.core.schema.TypeService" point="doctype">
    <doctype name="TestRegistration" extends="File">
      <facet name="UserRegistration"/>
    </doctype>

    <doctype name="TestTwoRegistration" extends="File">
      <facet name="UserRegistration"/>
    </doctype>
  </extension>

  <extension target="org.nuxeo.ecm.user.registration.UserRegistrationService"
             point="configuration">

    <configuration remove="true" />

    <configuration>
      <requestDocType>TestRegistration</requestDocType>
      <container>
        <docType>Workspace</docType>
        <parentPath>/requests/</parentPath>
        <name>registrationRequests</name>
        <title>Registration Requests</title>
      </container>
      <validationEmail>
        <title>Invitation for a test workspace</title>
        <template>templates/TestUserRegistration.ftl</template>
      </validationEmail>
      <registrationUserFactory>org.nuxeo.ecm.user.registration.DefaultRegistrationUserFactory</registrationUserFactory>
    </configuration>

    <configuration name="test">
      <requestDocType>TestRegistration</requestDocType>
      <container>
        <docType>Folder</docType>
        <parentPath>/test-requests/</parentPath>
        <name>registrationRequests</name>
        <title>Registration test Requests</title>
      </container>
      <validationEmail>
        <title>Invitation for another test folder</title>
        <template>templates/TestUserRegistration.ftl</template>
      </validationEmail>
      <registrationUserFactory>org.nuxeo.ecm.user.registration.DefaultRegistrationUserFactory</registrationUserFactory>
    </configuration>
  </extension>
</component>
