<component name="org.nuxeo.core.event.workmanagerimpl.shutdown.delay">
  <extension target="org.nuxeo.runtime.ConfigurationService" point="configuration">
    <property name="nuxeo.work.shutdown.delay.ms">5000</property>
  </extension>
</component>
