<?xml version="1.0"?>
<component name="org.nuxeo.ecm.core.work.stream.config.test.disable.storestate" version="1.0">
  <require>org.nuxeo.ecm.core.work.service</require>

  <extension target="org.nuxeo.runtime.ConfigurationService" point="configuration">
    <property name="nuxeo.stream.work.storestate.enabled">false</property>
  </extension>

</component>
