<?xml version="1.0"?>
<component name="org.nuxeo.ecm.core.work.stream.config.test" version="1.0">
  <require>org.nuxeo.ecm.core.work.service</require>

  <service>
    <provide interface="org.nuxeo.ecm.core.work.api.WorkManager" />
  </service>

  <implementation class="org.nuxeo.ecm.core.work.StreamWorkManager" />

  <extension-point name="queues">
    <object class="org.nuxeo.ecm.core.work.api.WorkQueueDescriptor" />
  </extension-point>

  <extension target="org.nuxeo.runtime.stream.service" point="logConfig">
    <logConfig name="work" />
  </extension>

</component>
