<?xml version="1.0"?>
<component name="org.nuxeo.automation.rest.test.faultyOperationContrib" version="1.0">

  <extension target="org.nuxeo.ecm.core.operation.OperationServiceComponent" point="operations">
    <operation class="org.nuxeo.ecm.automation.test.helpers.NonExistingOperation" />
  </extension>

</component>
