<component name="test-doc-wrapper-is-trashed">
  <extension target="org.nuxeo.ecm.core.operation.OperationServiceComponent" point="chains">
    <chain id="checkDocIsTrashed">
      <operation id="Context.FetchDocument" />
      <operation id="RunScript">
        <param type="string" name="script">Context["isTrashed"] = Document.isTrashed</param>
      </operation>
    </chain>
  </extension>
</component>
