<component name="org.nuxeo.ecm.automation.export.alias.test">

  <extension target="org.nuxeo.runtime.ConfigurationService" point="configuration">
    <property name="nuxeo.automation.export.aliases">true</property>
  </extension>

</component>
