<component name="test-chain-op-not-found.xml">

  <extension point="chains"
    target="org.nuxeo.ecm.core.operation.OperationServiceComponent">
    <chain id="mychain">
      <operation id="notfound" />
    </chain>
  </extension>

</component>
