<?xml version="1.0"?>
<component name="org.nuxeo.ecm.core.work.test.default.queuing">

  <extension target="org.nuxeo.ecm.core.work.service" point="implementation">
    <queuing class="org.nuxeo.ecm.core.work.TestWorkQueuing" />
  </extension>

</component>
