<?xml version="1.0"?>
<component name="org.nuxeo.ecm.platform.actions.filters.test.override">

  <extension target="org.nuxeo.ecm.platform.actions.ActionService" point="filters">

    <filter id="OverridenFilter">
      <rule grant="true">
        <type>Workspace</type>
      </rule>
    </filter>

    <filter id="AppenedFilter" append="true">
      <rule grant="true">
        <type>Folder</type>
      </rule>
    </filter>

  </extension>

</component>
