<?xml version="1.0" encoding="UTF-8"?>
<component name="org.nuxeo.ecm.core.persistence.config.test">

  <extension target="org.nuxeo.runtime.datasource" point="datasources">
    <datasource name="jdbc/nxtest" driverClassName="${nuxeo.test.vcs.driver}"
      maxPoolSize="20" minPoolSize="5">
      <property name="url">${nuxeo.test.vcs.url}</property>
      <property name="username">${nuxeo.test.vcs.user}</property>
      <property name="password">${nuxeo.test.vcs.password}</property>
    </datasource>
  </extension>

  <extension target="org.nuxeo.ecm.core.persistence.PersistenceComponent"
    point="hibernate">
    <hibernateConfiguration name="nxtest">
      <datasource>nxtest</datasource>
      <properties>
        <property name="hibernate.hbm2ddl.auto">update</property>
      </properties>
    </hibernateConfiguration>
  </extension>

</component>
