<?xml version="1.0"?>
<component name="org.nuxeo.ecm.core.automation.test.no.stack.trace.properties">

  <extension target="org.nuxeo.runtime.ConfigurationService" point="configuration">
    <property name="nuxeo.rest.write.exception.stack.trace">false</property>
  </extension>

</component>
