<?xml version="1.0"?>
<component name="org.nuxeo.ecm.core.automation.test-configuration-service">

  <extension target="org.nuxeo.runtime.ConfigurationService" point="configuration">
    <property name="org.nuxeo.ecm.automation.ui.bulk.queryLimit.Document.Update">3</property>
  </extension>

</component>
