<component name="org.nuxeo.ecm.core.automation.test-failing-operation-contrib" version="1.0">

  <extension point="operations" target="org.nuxeo.ecm.core.operation.OperationServiceComponent">
    <operation class="org.nuxeo.ecm.automation.core.operations.services.bulk.TestFailingOperation"/>
  </extension>

</component>
