<?xml version="1.0"?>
<component name="org.nuxeo.ecm.core.automation.features.operations.tests.bulk">
  <extension target="org.nuxeo.ecm.core.operation.OperationServiceComponent" point="operations">
    <operation class="org.nuxeo.ecm.automation.core.operations.services.bulk.BulkRunAction" />
  </extension>
</component>
