<?xml version="1.0"?>
<component name="org.nuxeo.elasticsearch.core.multi.repo.test">

  <extension target="org.nuxeo.ecm.core.blob.BlobManager" point="configuration">
    <blobprovider name="other">
      <class>org.nuxeo.ecm.core.blob.binary.DefaultBinaryManager</class>
    </blobprovider>
  </extension>

  <extension target="org.nuxeo.ecm.core.storage.sql.RepositoryService" point="repository">
    <repository name="other">
      <indexing>
        <fulltext disabled="true" searchDisabled="true"/>
      </indexing>
    </repository>
  </extension>

  <extension target="org.nuxeo.runtime.datasource" point="datasources">
    <datasource name="jdbc/repository_other" driverClassName="org.h2.Driver">
      <property name="url">jdbc:h2:mem:other;DB_CLOSE_DELAY=-1;MODE=LEGACY</property>
    </datasource>
  </extension>

  <extension point="elasticSearchIndex" target="org.nuxeo.elasticsearch.ElasticSearchComponent">
    <elasticSearchIndex name="other" repository="other" type="doc" />
  </extension>

</component>
