<?xml version="1.0"?>
<component name="org.nuxeo.ecm.directories.test">

  <extension target="org.nuxeo.ecm.directory.GenericDirectory" point="directories">
    <directory name="country" extends="template-directory">
      <schema>xvocabulary</schema>
      <parentDirectory>continent</parentDirectory>
      <idField>id</idField>
      <autoincrementIdField>false</autoincrementIdField>
      <dataFile>directories/country.csv</dataFile>
      <createTablePolicy>on_missing_columns</createTablePolicy>
    </directory>

    <directory name="continent" extends="template-directory">
      <schema>vocabulary</schema>
      <idField>id</idField>
      <autoincrementIdField>false</autoincrementIdField>
      <dataFile>directories/continent.csv</dataFile>
      <createTablePolicy>on_missing_columns</createTablePolicy>
    </directory>

    <directory name="subtopic" extends="template-directory">
      <schema>xvocabulary</schema>
      <parentDirectory>topic</parentDirectory>
      <idField>id</idField>
      <autoincrementIdField>false</autoincrementIdField>
      <dataFile>directories/subtopic.csv</dataFile>
      <createTablePolicy>on_missing_columns</createTablePolicy>
    </directory>

    <directory name="topic" extends="template-directory">
      <schema>vocabulary</schema>
      <idField>id</idField>
      <autoincrementIdField>false</autoincrementIdField>
      <dataFile>directories/topic.csv</dataFile>
      <createTablePolicy>on_missing_columns</createTablePolicy>
    </directory>

    <directory name="nature" extends="template-directory">
      <schema>vocabulary</schema>
      <idField>id</idField>
      <autoincrementIdField>false</autoincrementIdField>
      <dataFile>directories/nature.csv</dataFile>
      <createTablePolicy>on_missing_columns</createTablePolicy>
    </directory>
  </extension>

</component>
