<?xml version="1.0"?>
<component name="org.nuxeo.drive.service.test.contrib.FileSystemItemAdapterService">

  <require>org.nuxeo.drive.adapters</require>

  <extension target="org.nuxeo.drive.service.FileSystemItemAdapterService"
    point="fileSystemItemFactory">

    <fileSystemItemFactory name="dummyDocTypeFactory"
      order="20" docType="File"
      class="org.nuxeo.drive.service.adapter.DummyFileItemFactory">
      <parameters>
        <parameter name="versioningDelay">2</parameter>
        <parameter name="versioningOption">MINOR</parameter>
      </parameters>
    </fileSystemItemFactory>
    <fileSystemItemFactory name="dummyFacetFactory"
      order="30" facet="Folderish"
      class="org.nuxeo.drive.service.adapter.DummyFolderItemFactory" />
    <fileSystemItemFactory name="dummyVirtualFolderItemFactory"
      order="100"
      class="org.nuxeo.drive.service.adapter.DummyVirtualFolderItemFactory">
      <parameters>
        <parameter name="folderName">Dummy Folder</parameter>
      </parameters>
    </fileSystemItemFactory>
    <fileSystemItemFactory name="nullMergeTestFactory"
      order="200" docType="Note"
      class="org.nuxeo.drive.service.adapter.DummyFileItemFactory" />

  </extension>

  <extension target="org.nuxeo.drive.service.FileSystemItemAdapterService"
    point="activeFileSystemItemFactories">

    <activeFileSystemItemFactories merge="true">
      <factories>
        <factory>dummyDocTypeFactory</factory>
        <factory>dummyFacetFactory</factory>
        <factory>dummyVirtualFolderItemFactory</factory>
        <factory>nullMergeTestFactory</factory>
      </factories>
    </activeFileSystemItemFactories>

  </extension>

</component>
