<?xml version="1.0"?>
<component name="org.nuxeo.drive.versioning.filter.test">

  <require>org.nuxeo.drive.versioning</require>

  <extension target="org.nuxeo.ecm.core.api.versioning.VersioningService" point="filters">
    <!-- We want to override the delay -->
    <filter id="versioning-delay">
      <condition>#{currentDocument.dc.modified.time - previousDocument.dc.modified.time >= 1000}</condition>
    </filter>
  </extension>

</component>
