<?xml version="1.0"?>
<component name="org.nuxeo.drive.test.types.contrib">

  <require>org.nuxeo.ecm.core.CoreExtensions</require>

  <extension target="org.nuxeo.ecm.core.schema.TypeService"
    point="doctype">

    <doctype name="Custom" extends="Document">
      <schema name="dublincore" />
      <schema name="file" />
    </doctype>

    <doctype name="FolderishFile" extends="Document">
      <schema name="dublincore" />
      <schema name="file" />
      <facet name="Folderish" />
    </doctype>

    <doctype name="NotSynchronizable" extends="Document">
      <schema name="dublincore" />
    </doctype>

    <doctype name="FolderishCollection" extends="Folder">
      <facet name="Collection" />
    </doctype>

  </extension>

  <extension target="org.nuxeo.ecm.core.lifecycle.LifeCycleService"
    point="types">

    <types>
      <type name="Custom">default</type>
    </types>

  </extension>

</component>
