<?xml version="1.0"?>

<component name="org.nuxeo.ecm.platform.types.core.override.test">

  <extension target="org.nuxeo.ecm.core.schema.TypeService" point="doctype">
    <doctype name="MyDocType2" append="true">
      <subtypes-forbidden>
        <type>MyHiddenDocType</type>
      </subtypes-forbidden>
    </doctype>
  </extension>

</component>
