<?xml version="1.0"?>
<component name="org.nuxeo.runtime.stream.tests.service.contrib">

  <extension point="kafkaConfig" target="org.nuxeo.runtime.stream.kafka.service">
    <kafkaConfig name="default" topicPrefix="nuxeo-test-">
      <admin>
        <property name="bootstrap.servers">${nuxeo.test.kafka.servers}</property>
        <property name="request.timeout.ms">240000</property>
        <!-- correspond to the timeout for an action, ie: there could be several requests for a client method call -->
        <!-- it must be greater than the request.timeout.ms -->
        <property name="default.api.timeout.ms">300000</property>
      </admin>
      <producer>
        <property name="bootstrap.servers">${nuxeo.test.kafka.servers}</property>
        <property name="delivery.timeout.ms">30000</property>
        <property name="acks">1</property>
      </producer>
      <consumer>
        <property name="bootstrap.servers">${nuxeo.test.kafka.servers}</property>
        <property name="request.timeout.ms">30000</property>
        <property name="default.api.timeout.ms">30000</property>
        <property name="max.poll.interval.ms">120000</property>
        <property name="session.timeout.ms">10000</property>
        <property name="heartbeat.interval.ms">2000</property>
        <property name="max.poll.records">5</property>
      </consumer>
    </kafkaConfig>
  </extension>

  <extension point="logConfig" target="org.nuxeo.runtime.stream.service">
    <logConfig name="test-kafka" default="true" type="kafka">
      <option name="config">default</option>
    </logConfig>
  </extension>

</component>
