<?xml version="1.0"?>
<component name="org.nuxeo.ecm.blob.s3.test.shared.storage">

  <require>org.nuxeo.ecm.blob.s3.test</require>

  <extension target="org.nuxeo.ecm.core.blob.BlobManager"
    point="configuration">
    <!-- let's introduce a shared storage by defining 2 providers storing their
      blobs in the same location (i.e. bucket/bucket_prefix) -->
    <blobprovider name="second">
      <class>org.nuxeo.ecm.blob.s3.S3BlobProvider</class>
      <property name="awsid">${nuxeo.test.s3storage.awsid}</property>
      <property name="awssecret">${nuxeo.test.s3storage.awssecret}</property>
      <property name="awstoken">${nuxeo.test.s3storage.awstoken}</property>
      <property name="region">${nuxeo.test.s3storage.region}</property>
      <property name="bucket">${nuxeo.test.s3storage.provider.test.bucket}</property>
      <property name="bucket_prefix">${nuxeo.test.s3storage.provider.test.bucket_prefix}</property>
      <property name="allowByteRange">true</property>
    </blobprovider>
  </extension>

  <extension
    target="org.nuxeo.ecm.core.blob.DocumentBlobManager"
    point="configuration">
    <blobdispatcher>
      <property name="default">test</property>
      <property name="dc:source=foo">second</property>
    </blobdispatcher>
  </extension>

</component>
