<component name="org.nuxeo.ecm.core.blob.test-gridfs-config">
  <require>org.nuxeo.ecm.core.test.blobmanager</require>
  <extension target="org.nuxeo.ecm.core.blob.BlobManager" point="configuration">
    <blobprovider name="test">
      <class>org.nuxeo.ecm.core.storage.mongodb.blob.GridFSBlobProvider</class>
      <property name="bucket">${nuxeo.test.mongodb.gridfs.bucket:=test.fs}</property>
    </blobprovider>
  </extension>

</component>
