<?xml version="1.0"?>
<component name="org.nuxeo.ecm.core.blob.test-blob-delete" version="1.0.0">
  <extension target="org.nuxeo.ecm.core.blob.BlobManager" point="configuration">
    <blobprovider name="test">
      <class>org.nuxeo.ecm.core.blob.InMemoryBlobProvider</class>
      <property name="path">single</property>
      <property name="emulateLocalFile">true</property>
    </blobprovider>
  </extension>
</component>
