<?xml version="1.0"?>
<component name="test-rollback-listener">

  <extension target="org.nuxeo.ecm.core.event.EventServiceComponent" point="listener">
    <listener class="org.nuxeo.ecm.core.event.test.RollbackListener" name="testRollbackListener">
      <event>markRollback</event>
    </listener>
  </extension>

</component>
