<?xml version="1.0"?>
<component name="org.nuxeo.ecm.platform.usermanager.tests.search-escape-compat.false">

  <extension target="org.nuxeo.runtime.ConfigurationService" point="configuration">
    <property name="nuxeo.usermanager.search.escape.compat">false</property>
  </extension>

</component>
