<?xml version="1.0"?>
<component name="org.nuxeo.ecm.core.blob.test-dummy-blob-provider">
  <extension target="org.nuxeo.ecm.core.blob.BlobManager" point="configuration">
    <blobprovider name="dummy">
      <class>org.nuxeo.ecm.core.DummyBlobProvider</class>
    </blobprovider>
  </extension>
</component>
