<?xml version="1.0"?>
<component name="org.nuxeo.ecm.directory.test.security.sensitive">

  <extension target="org.nuxeo.ecm.directory.sql.SQLDirectoryFactory"
    point="directories">

    <directory name="sensitive">
      <schema>vocabulary</schema>
      <dataSource>java:/nxsqldirectory</dataSource>
      <table>sensitive</table>
      <idField>id</idField>
      <autoincrementIdField>false</autoincrementIdField>
      <dataFile>test-sensitive.csv</dataFile>
      <createTablePolicy>on_missing_columns</createTablePolicy>
      <permissions>
        <permission name="Read">
          <group>__Nobody__</group>
        </permission>
      </permissions>
    </directory>

  </extension>

</component>
