<?xml version="1.0"?>
<component name="org.nuxeo.ecm.platform.shibboleth.groups.test">

  <extension
    target="org.nuxeo.ecm.platform.shibboleth.web.service.ShibbolethGroupsService"
    point="config">
    <config>
      <parseString>:::</parseString>
      <basePath>external:::group</basePath>
    </config>
  </extension>
</component>
