<?xml version="1.0"?>
<component name="org.nuxeo.ecm.platform.usermanager.test">

  <extension target="org.nuxeo.ecm.platform.usermanager.UserService"
      point="userManager">
    <userManager
        class="org.nuxeo.ecm.platform.usermanager.FakeUserManagerImpl">
      <users>
        <directory>somedir</directory>
        <emailField>mail</emailField>
        <searchFields append="true">
          <!-- BBB: use substringMatchSearchField explicitely instead -->
          <searchField>first</searchField>
          <exactMatchSearchField>last</exactMatchSearchField>
          <substringMatchSearchField>email</substringMatchSearchField>
        </searchFields>
        <listingMode>search_only</listingMode>
        <anonymousUser id="Administrator">
          <property name="first">Administrator</property>
          <property name="last">Administrator</property>
          <group>administrators</group>
        </anonymousUser>
        <virtualUser id="MyCustomAdministrator" searchable="false">
          <password>secret</password>
          <property name="first">My Custom</property>
          <property name="last">Administrator</property>
          <group>administrators</group>
        </virtualUser>
        <virtualUser id="MyCustomMember" searchable="false">
          <password>secret</password>
          <property name="first">My Custom</property>
          <property name="last">Member</property>
          <group>members</group>
          <group>othergroup</group>
        </virtualUser>
      </users>
      <groups>
        <directory>somegroupdir</directory>
        <membersField>members</membersField>
        <subGroupsField>subg</subGroupsField>
        <parentGroupsField>parentg</parentGroupsField>
        <listingMode>search_oh_yeah</listingMode>
      </groups>
      <defaultAdministratorId>tehroot</defaultAdministratorId>
      <defaultGroup>defgr</defaultGroup>
      <userSortField>name</userSortField>
      <groupSortField>sn</groupSortField>
    </userManager>
  </extension>

</component>
