<?xml version="1.0"?>
<component name="org.nuxeo.ecm.blob.s3.test.coldStorage">
  <require>org.nuxeo.ecm.blob.s3.test</require>

  <extension target="org.nuxeo.ecm.core.blob.BlobManager" point="configuration">
    <blobprovider name="test">
      <property name="coldStorage">true</property>
    </blobprovider>
  </extension>
</component>
