<?xml version="1.0"?>
<component name="s3DirectUpload-fail" version="1.0.0">

   <extension target="org.nuxeo.ecm.core.transientstore.TransientStorageComponent" point="store">
    <store name="s3DUTransientStoreFail"
      class="org.nuxeo.ecm.blob.s3.FailingKeyValueBlobTransientStore">
      <property name="blobProvider">s3DUBlobProviderDestination</property> <!-- this is the destination blob provider -->
      <property name="keyValueStore">s3DUKeyValueStore</property> <!-- not defined there, fallback on default -->
    </store>
  </extension>

  <!-- the transient bucket and prefix are used to retrieve the file uploaded by the client -->
  <extension target="org.nuxeo.ecm.automation.server.BatchManager" point="handlers">
    <batchHandler>
      <name>s3fail</name>
      <class>org.nuxeo.ecm.blob.s3.MockedS3DirectBatchHandler</class>
      <property name="transientStore">s3DUTransientStoreFail</property>
      <!-- this is the name of the source blobProvider used to create the lazy binary -->
      <property name="blobProvider">s3DUBlobProviderSource</property>
      <property name="awsid">${nuxeo.s3storage.transient.awsid}</property>
      <property name="awssecret">${nuxeo.s3storage.transient.awssecret}</property>
      <property name="awstoken">${nuxeo.s3storage.transient.awstoken}</property>
      <property name="crypt.serverside">${nuxeo.s3storage.transient.crypt.serverside}</property>
      <property name="bucket">${nuxeo.s3storage.transient.bucket}</property>
      <property name="region">eu-west-3</property>
      <property name="bucket_prefix">unit-test-transient-prefix/</property>
      <property name="roleArn">arn:aws:iam::783725821734:role/nuxeo-s3directupload-role</property>
      <property name="policyTemplate">{"Version":"2012-10-17","Statement":[{"Effect":"Allow","Action":"s3:PutObject","Resource":["arn:aws:s3:::${nuxeo.s3storage.transient.bucket}/*"]}]}
      </property>
    </batchHandler>
  </extension>

</component>
