<?xml version="1.0"?>
<component name="org.nuxeo.ecm.blob.s3.feature.test">

  <extension target="org.nuxeo.ecm.core.blob.BlobManager" point="configuration">
    <blobprovider name="test">
      <class>org.nuxeo.ecm.blob.s3.S3BlobProvider</class>
      <property name="awsid">${nuxeo.test.s3storage.awsid}</property>
      <property name="awssecret">${nuxeo.test.s3storage.awssecret}</property>
      <property name="awstoken">${nuxeo.test.s3storage.awstoken}</property>
      <property name="region">${nuxeo.test.s3storage.region}</property>
      <property name="bucket">${nuxeo.test.s3storage.provider.test.bucket}</property>
      <property name="bucket_prefix">${nuxeo.test.s3storage.provider.test.bucket_prefix}</property>
      <property name="keyStrategy">managed</property>
    </blobprovider>
    <blobprovider name="other">
      <class>org.nuxeo.ecm.blob.s3.S3BlobProvider</class>
      <property name="awsid">${nuxeo.test.s3storage.awsid}</property>
      <property name="awssecret">${nuxeo.test.s3storage.awssecret}</property>
      <property name="awstoken">${nuxeo.test.s3storage.awstoken}</property>
      <property name="region">${nuxeo.test.s3storage.region}</property>
      <property name="bucket">${nuxeo.test.s3storage.provider.other.bucket}</property>
      <property name="bucket_prefix">${nuxeo.test.s3storage.provider.other.bucket_prefix}</property>
    </blobprovider>
  </extension>

  <extension target="org.nuxeo.ecm.core.schema.TypeService" point="schema">
    <schema name="s3-test" src="schemas/file.xsd" prefix="s3-test" />
    <schema name="s3-other" src="schemas/file.xsd" prefix="s3-other" />
  </extension>

  <extension target="org.nuxeo.ecm.core.schema.TypeService" point="doctype">
    <doctype name="FileS3" extends="Document">
      <schema name="s3-test" />
      <schema name="s3-other" />
    </doctype>
  </extension>

  <extension target="org.nuxeo.ecm.core.blob.DocumentBlobManager" point="configuration">
    <blobdispatcher>
      <property name="blob:xpath=s3-test:content">test</property>
      <property name="blob:xpath=s3-other:content">other</property>
      <property name="default">test</property>
    </blobdispatcher>
  </extension>

</component>
