<?xml version="1.0"?>

<document>

  <author id="test1">

    <metadata>

      <title>First test 22</title>
      <description>bla bla</description>

      <name type="author" gender="MALE">
        <firstName>my first name</firstName>
        <lastName>my last name</lastName>
      </name>

      <age>32</age>

      <double>1.2</double>
      <double>2.5</double>

    </metadata>

    <content>
      The content
    </content>

    <list>
      <item id="item1">Item 1</item>
      <item id="item2">Item 2</item>
      <item id="item3">Item 3</item>
      <item id="item4">Item with parameters to &lt; unescape</item>
    </list>
    <listHashSet>
      <itemHashSet>item in HashSet1</itemHashSet>
      <itemHashSet>item in HashSet2</itemHashSet>
    </listHashSet>
    <friends>
      <friend>
        <firstName>friend1_fn</firstName>
        <lastName>friend1_ln</lastName>
      </friend>
      <friend>
        <firstName>friend2_fn</firstName>
        <lastName>friend2_ln</lastName>
      </friend>
      <friend>
        <firstName>toUnescape</firstName>
        <lastName>Map with parameters to &lt; unescape</lastName>
      </friend>
    </friends>


    <properties>
      <property name="name">theName</property>
      <property name="color">theColor</property>
      <property name="weight">theWeight</property>
      <property name="toUnescape">Prop with parameters to &lt; unescape</property>
    </properties>

    <testContent>
      Test
      <b>content</b> not to &lt; unescape
    </testContent>

    <textToUnescape>
      SELECT * FROM Document WHERE dc:created &lt; DATE '2013-08-19'
    </textToUnescape>

    <item2>b</item2>
    <item3>c</item3>
    <item1>a</item1>

    <persons>
      <person>
        <firstName>friend1_fn</firstName>
        <lastName>friend1_ln</lastName>
      </person>
      <person>
        <firstName>friend2_fn</firstName>
        <lastName>friend2_ln</lastName>
      </person>
    </persons>

    <alias name="test2">
      <description>text to be &lt; unescaped</description>
    </alias>

    <durationDay>1d</durationDay>
    <durationHour>1h</durationHour>
    <durationMinute>1m</durationMinute>
    <durationSecond>1s</durationSecond>
    <durationMillis>1ms</durationMillis>
    <durationAll>1d2h3m4s5ms</durationAll>
    <durationJdk>PT1S</durationJdk>

  </author>


</document>
