<?xml version="1.0"?>

<component name="org.nuxeo.ecm.platform.query.api.PageProviderservice.testContrib">

  <extension target="org.nuxeo.ecm.platform.query.api.PageProviderService"
    point="providers">

    <coreQueryPageProvider name="CURRENT_DOCUMENT_CHILDREN">
      <property name="dummy">dummy</property>
      <pattern>
        SELECT * FROM Document WHERE ecm:parentId = ? AND
        ecm:isVersion
        = 0 AND ecm:mixinType != 'HiddenInNavigation' AND
        ecm:isTrashed = 0
      </pattern>
      <sort column="dc:title" ascending="true" />
      <pageSize>2</pageSize>
      <pageSizeOptions>
        <option>10</option>
        <option>15</option>
        <option>20</option>
      </pageSizeOptions>
    </coreQueryPageProvider>

    <coreQueryPageProvider name="CURRENT_DOCUMENT_CHILDREN_WITH_SEARCH_DOCUMENT">
      <whereClause docType="File">
        <fixedPart statement="SELECT * FROM Note">
          ecm:parentId = ? AND ecm:isVersion = 0 AND
          ecm:mixinType !=
          'HiddenInNavigation' AND ecm:isTrashed = 0
        </fixedPart>
        <predicate parameter="dc:title" operator="FULLTEXT">
          <field schema="dublincore" name="title" />
        </predicate>
      </whereClause>
      <sort column="dc:title" ascending="true" />
      <pageSize>2</pageSize>
    </coreQueryPageProvider>

    <genericPageProvider name="CURRENT_DOCUMENT_CHILDREN_FETCH"
      class="org.nuxeo.ecm.platform.query.nxql.CoreQueryAndFetchPageProvider">
      <pattern>
        SELECT dc:title FROM Document WHERE ecm:parentId = ? AND
        ecm:isVersion = 0 AND ecm:mixinType != 'HiddenInNavigation' AND
        ecm:isTrashed = 0
      </pattern>
      <sort column="dc:title" ascending="true" />
      <pageSize>2</pageSize>
    </genericPageProvider>

    <coreQueryPageProvider name="ADVANCED_SEARCH">
      <property name="coreSession">#{documentManager}</property>
      <searchDocumentType>AdvancedSearch</searchDocumentType>
      <whereClause>
        <predicate parameter="ecm:fulltext" operator="FULLTEXT">
          <field schema="advanced_search" name="fulltext_all" />
        </predicate>
        <predicate parameter="dc:title" operator="LIKE">
          <field schema="advanced_search" name="title" />
        </predicate>
        <predicate parameter="dc:modified" operator="IS NULL">
          <field schema="advanced_search" name="isPresent" />
        </predicate>
        <fixedPart>
          ecm:parentId = ?
        </fixedPart>
      </whereClause>
      <parameter>#{currentDocument.id}</parameter>
      <sort column="dc:title" ascending="true" />
      <pageSize>20</pageSize>
    </coreQueryPageProvider>

    <coreQueryPageProvider name="CUSTOM_SELECT_STATEMENT">
      <property name="coreSession">#{documentManager}</property>
      <whereClause docType="AdvancedSearch">
        <predicate parameter="ecm:fulltext" operator="FULLTEXT">
          <field schema="advanced_search" name="fulltext_all" />
        </predicate>
        <predicate parameter="dc:title" operator="LIKE">
          <field schema="advanced_search" name="title" />
        </predicate>
        <predicate parameter="dc:modified" operator="IS NULL">
          <field schema="advanced_search" name="isPresent" />
        </predicate>
        <fixedPart statement="SELECT * FROM Note">
          ecm:parentId = ?
        </fixedPart>
      </whereClause>
      <parameter>#{currentDocument.id}</parameter>
      <sort column="dc:title" ascending="true" />
      <pageSize>20</pageSize>
    </coreQueryPageProvider>

    <coreQueryPageProvider name="TEST_IN">
      <whereClause docType="AdvancedSearch">
        <predicate parameter="dc:title" operator="IN">
          <field schema="dublincore" name="subjects" />
        </predicate>
      </whereClause>
    </coreQueryPageProvider>

    <coreQueryPageProvider name="TEST_IN_INTEGERS">
      <whereClause docType="AdvancedSearch">
        <predicate parameter="size" operator="IN">
          <field schema="advanced_search" name="integerlist" />
        </predicate>
      </whereClause>
    </coreQueryPageProvider>

    <coreQueryPageProvider name="TEST_NOT_IN_INTEGERS">
      <whereClause docType="AdvancedSearch">
        <predicate parameter="size" operator="NOT IN">
          <field schema="advanced_search" name="integerlist" />
        </predicate>
      </whereClause>
    </coreQueryPageProvider>

    <genericPageProvider name="TEST_AGGREGATES"
      class="org.nuxeo.ecm.platform.query.nxql.CoreQueryAndFetchPageProvider">
      <pattern>
        SELECT * FROM Document
      </pattern>
      <sort column="dc:title" ascending="true" />
      <pageSize>2</pageSize>
      <aggregates>
        <aggregate id="source_agg" type="terms" parameter="dc:source">
          <field schema="advanced_search" name="source_agg"/>
          <properties>
            <property name="minDocSize">5</property>
            <property name="order">terms desc</property>
          </properties>
        </aggregate>
        <aggregate id="coverage_agg" type="histogram" parameter="dc:coverage">
          <field schema="search" name="coverage_agg"/>
        </aggregate>
        <aggregate id="subject_agg" type="terms" parameter="dc:subjects">
          <field schema="search" name="subjects_agg"/>
        </aggregate>
        <aggregate id="size_agg" type="range" parameter="dc:size">
          <field schema="search" name="size_agg"/>
          <ranges>
            <range key="small" to="1024"/>
            <range key="medium" from="1024" to="4096"/>
            <range key="big" from="4096"/>
          </ranges>
        </aggregate>
        <aggregate id="created_agg" type="date_range" parameter="dc:created">
          <field schema="search" name="created_agg"/>
          <properties>
            <property name="format">"MM-yyy</property>
          </properties>
          <dateRanges>
            <dateRange key="long_time_ago" toDate="NOW-10M/M"/>
            <dateRange key="some_time_ago" fromDate="NOW-10M/M" toDate="NOW-1M/M"/>
            <dateRange key="last_month" fromDate="NOW-1M/M"/>
          </dateRanges>
        </aggregate>
      </aggregates>
    </genericPageProvider>

    <coreQueryPageProvider name="PREDICATE_WITH_HINT">
      <property name="coreSession">#{documentManager}</property>
      <whereClause docType="AdvancedSearch">
        <predicate parameter="dc:title" operator="LIKE" hint="ES: INDEX(dc:title.custom)">
          <field schema="advanced_search" name="title" />
        </predicate>
        <predicate parameter="dc:title" operator="FULLTEXT" hint="ES: ANALYZER(fr_analyzer)">
          <field schema="advanced_search" name="title" />
        </predicate>
        <predicate parameter="ecm:fulltext" operator="FULLTEXT ALL" hint="ES: INDEX(dc:title.fulltext) OPERATOR(fuzzy)">
          <field schema="advanced_search" name="title" />
        </predicate>
        <predicate parameter="dc:title" operator="FULLTEXT">
          <field schema="advanced_search" name="title" />
        </predicate>
        <predicate parameter="ecm:fulltext.dc:description" operator="FULLTEXT">
          <field schema="advanced_search" name="title" />
        </predicate>
        <fixedPart statement="SELECT * FROM Note" />
      </whereClause>
    </coreQueryPageProvider>

    <coreQueryPageProvider name="DUMMY_FETCH_DOCUMENTS">
      <pattern>
        SELECT * FROM Document WHERE dc:source = 'dummy'
      </pattern>
      <maxPageSize>1000</maxPageSize>
    </coreQueryPageProvider>

    <coreQueryPageProvider name="DUMMY_NOT_LIKE_PP">
      <whereClause docType="AdvancedSearch">
        <predicate parameter="size" operator="NOT LIKE">
          <field schema="advanced_search" name="title" />
        </predicate>
      </whereClause>
    </coreQueryPageProvider>

    <coreQueryPageProvider name="DUMMY_NOT_ILIKE_PP">
      <whereClause docType="AdvancedSearch">
        <predicate parameter="size" operator="NOT ILIKE">
          <field schema="advanced_search" name="title" />
        </predicate>
      </whereClause>
    </coreQueryPageProvider>
  </extension>

</component>
