<?xml version="1.0"?>

<component
  name="org.nuxeo.ecm.platform.query.api.PageProviderservice.testContrib.override2">

  <extension target="org.nuxeo.ecm.platform.query.api.PageProviderService"
    point="providers">

    <!-- non regression test for NXP-9809, only change page size -->
    <coreQueryPageProvider name="CURRENT_DOCUMENT_CHILDREN">
      <property name="dummy">dummy</property>
      <pattern>
        SELECT * FROM Document WHERE ecm:parentId = ? AND
        ecm:isVersion = 0 AND ecm:mixinType != 'HiddenInNavigation' AND
        ecm:isTrashed = 0
      </pattern>
      <sort column="dc:title" ascending="true" />
      <pageSize>20</pageSize>
    </coreQueryPageProvider>

  </extension>

</component>
